{"/home/carlos/Software/node/22-02-2020/mysql-auth/src/index.js":{"path":"/home/carlos/Software/node/22-02-2020/mysql-auth/src/index.js","statementMap":{"0":{"start":{"line":1,"column":14},"end":{"line":1,"column":30}},"1":{"start":{"line":2,"column":12},"end":{"line":2,"column":32}},"2":{"start":{"line":3,"column":14},"end":{"line":3,"column":30}},"3":{"start":{"line":4,"column":15},"end":{"line":4,"column":32}},"4":{"start":{"line":5,"column":12},"end":{"line":5,"column":26}},"5":{"start":{"line":6,"column":11},"end":{"line":6,"column":24}},"6":{"start":{"line":7,"column":13},"end":{"line":7,"column":28}},"7":{"start":{"line":8,"column":19},"end":{"line":8,"column":57}},"8":{"start":{"line":9,"column":14},"end":{"line":9,"column":46}},"9":{"start":{"line":36,"column":2},"end":{"line":36,"column":27}},"10":{"start":{"line":40,"column":2},"end":{"line":40,"column":20}},"11":{"start":{"line":44,"column":2},"end":{"line":52,"column":4}},"12":{"start":{"line":56,"column":2},"end":{"line":63,"column":3}},"13":{"start":{"line":67,"column":2},"end":{"line":67,"column":12}},"14":{"start":{"line":71,"column":2},"end":{"line":71,"column":12}},"15":{"start":{"line":75,"column":2},"end":{"line":114,"column":4}},"16":{"start":{"line":118,"column":2},"end":{"line":126,"column":5}},"17":{"start":{"line":119,"column":3},"end":{"line":125,"column":6}},"18":{"start":{"line":121,"column":4},"end":{"line":123,"column":5}},"19":{"start":{"line":124,"column":4},"end":{"line":124,"column":20}},"20":{"start":{"line":130,"column":2},"end":{"line":130,"column":65}},"21":{"start":{"line":131,"column":2},"end":{"line":131,"column":126}},"22":{"start":{"line":132,"column":2},"end":{"line":132,"column":114}},"23":{"start":{"line":133,"column":2},"end":{"line":133,"column":126}},"24":{"start":{"line":134,"column":2},"end":{"line":134,"column":108}},"25":{"start":{"line":135,"column":2},"end":{"line":135,"column":46}},"26":{"start":{"line":136,"column":2},"end":{"line":136,"column":46}},"27":{"start":{"line":137,"column":2},"end":{"line":137,"column":42}},"28":{"start":{"line":138,"column":2},"end":{"line":138,"column":117}},"29":{"start":{"line":139,"column":2},"end":{"line":139,"column":67}},"30":{"start":{"line":143,"column":2},"end":{"line":143,"column":34}},"31":{"start":{"line":144,"column":2},"end":{"line":144,"column":62}},"32":{"start":{"line":145,"column":2},"end":{"line":158,"column":9}},"33":{"start":{"line":146,"column":20},"end":{"line":146,"column":47}},"34":{"start":{"line":147,"column":3},"end":{"line":150,"column":4}},"35":{"start":{"line":148,"column":4},"end":{"line":148,"column":23}},"36":{"start":{"line":149,"column":4},"end":{"line":149,"column":88}},"37":{"start":{"line":151,"column":20},"end":{"line":151,"column":42}},"38":{"start":{"line":152,"column":3},"end":{"line":154,"column":4}},"39":{"start":{"line":153,"column":4},"end":{"line":153,"column":102}},"40":{"start":{"line":155,"column":20},"end":{"line":155,"column":56}},"41":{"start":{"line":156,"column":3},"end":{"line":156,"column":29}},"42":{"start":{"line":157,"column":3},"end":{"line":157,"column":17}},"43":{"start":{"line":159,"column":2},"end":{"line":167,"column":9}},"44":{"start":{"line":160,"column":20},"end":{"line":160,"column":64}},"45":{"start":{"line":161,"column":18},"end":{"line":161,"column":35}},"46":{"start":{"line":162,"column":3},"end":{"line":166,"column":4}},"47":{"start":{"line":163,"column":4},"end":{"line":163,"column":88}},"48":{"start":{"line":165,"column":4},"end":{"line":165,"column":22}},"49":{"start":{"line":168,"column":2},"end":{"line":168,"column":14}},"50":{"start":{"line":172,"column":22},"end":{"line":172,"column":51}},"51":{"start":{"line":173,"column":2},"end":{"line":175,"column":15}},"52":{"start":{"line":179,"column":2},"end":{"line":179,"column":63}},"53":{"start":{"line":180,"column":21},"end":{"line":180,"column":98}},"54":{"start":{"line":181,"column":2},"end":{"line":183,"column":3}},"55":{"start":{"line":182,"column":3},"end":{"line":182,"column":70}},"56":{"start":{"line":184,"column":2},"end":{"line":184,"column":48}},"57":{"start":{"line":188,"column":2},"end":{"line":188,"column":59}},"58":{"start":{"line":189,"column":21},"end":{"line":189,"column":99}},"59":{"start":{"line":190,"column":2},"end":{"line":192,"column":3}},"60":{"start":{"line":191,"column":3},"end":{"line":191,"column":70}},"61":{"start":{"line":193,"column":2},"end":{"line":193,"column":56}},"62":{"start":{"line":197,"column":2},"end":{"line":197,"column":59}},"63":{"start":{"line":198,"column":2},"end":{"line":208,"column":3}},"64":{"start":{"line":212,"column":2},"end":{"line":212,"column":29}},"65":{"start":{"line":213,"column":2},"end":{"line":213,"column":34}},"66":{"start":{"line":214,"column":2},"end":{"line":224,"column":5}},"67":{"start":{"line":215,"column":3},"end":{"line":223,"column":6}},"68":{"start":{"line":216,"column":4},"end":{"line":218,"column":5}},"69":{"start":{"line":217,"column":5},"end":{"line":217,"column":24}},"70":{"start":{"line":219,"column":4},"end":{"line":222,"column":7}},"71":{"start":{"line":228,"column":2},"end":{"line":228,"column":34}},"72":{"start":{"line":232,"column":36},"end":{"line":232,"column":46}},"73":{"start":{"line":233,"column":2},"end":{"line":235,"column":3}},"74":{"start":{"line":234,"column":3},"end":{"line":234,"column":10}},"75":{"start":{"line":236,"column":2},"end":{"line":238,"column":3}},"76":{"start":{"line":237,"column":3},"end":{"line":237,"column":35}},"77":{"start":{"line":239,"column":2},"end":{"line":239,"column":9}},"78":{"start":{"line":243,"column":2},"end":{"line":243,"column":38}},"79":{"start":{"line":244,"column":2},"end":{"line":246,"column":3}},"80":{"start":{"line":245,"column":3},"end":{"line":245,"column":50}},"81":{"start":{"line":247,"column":2},"end":{"line":247,"column":9}},"82":{"start":{"line":251,"column":2},"end":{"line":251,"column":51}},"83":{"start":{"line":252,"column":2},"end":{"line":277,"column":3}},"84":{"start":{"line":253,"column":25},"end":{"line":253,"column":47}},"85":{"start":{"line":254,"column":3},"end":{"line":256,"column":4}},"86":{"start":{"line":255,"column":4},"end":{"line":255,"column":132}},"87":{"start":{"line":258,"column":21},"end":{"line":258,"column":76}},"88":{"start":{"line":259,"column":3},"end":{"line":261,"column":4}},"89":{"start":{"line":260,"column":4},"end":{"line":260,"column":21}},"90":{"start":{"line":262,"column":27},"end":{"line":262,"column":89}},"91":{"start":{"line":265,"column":3},"end":{"line":270,"column":4}},"92":{"start":{"line":266,"column":4},"end":{"line":266,"column":65}},"93":{"start":{"line":268,"column":4},"end":{"line":268,"column":66}},"94":{"start":{"line":269,"column":4},"end":{"line":269,"column":16}},"95":{"start":{"line":271,"column":18},"end":{"line":271,"column":48}},"96":{"start":{"line":272,"column":27},"end":{"line":272,"column":98}},"97":{"start":{"line":273,"column":3},"end":{"line":273,"column":26}},"98":{"start":{"line":275,"column":3},"end":{"line":275,"column":64}},"99":{"start":{"line":276,"column":3},"end":{"line":276,"column":15}},"100":{"start":{"line":281,"column":2},"end":{"line":281,"column":33}},"101":{"start":{"line":282,"column":2},"end":{"line":282,"column":67}},"102":{"start":{"line":282,"column":33},"end":{"line":282,"column":65}},"103":{"start":{"line":286,"column":0},"end":{"line":286,"column":28}}},"fnMap":{"0":{"name":"(anonymous_0)","decl":{"start":{"line":35,"column":1},"end":{"line":35,"column":2}},"loc":{"start":{"line":35,"column":24},"end":{"line":37,"column":2}},"line":35},"1":{"name":"(anonymous_1)","decl":{"start":{"line":39,"column":1},"end":{"line":39,"column":2}},"loc":{"start":{"line":39,"column":27},"end":{"line":41,"column":2}},"line":39},"2":{"name":"(anonymous_2)","decl":{"start":{"line":43,"column":1},"end":{"line":43,"column":2}},"loc":{"start":{"line":43,"column":30},"end":{"line":53,"column":2}},"line":43},"3":{"name":"(anonymous_3)","decl":{"start":{"line":55,"column":1},"end":{"line":55,"column":2}},"loc":{"start":{"line":55,"column":42},"end":{"line":64,"column":2}},"line":55},"4":{"name":"(anonymous_4)","decl":{"start":{"line":66,"column":1},"end":{"line":66,"column":2}},"loc":{"start":{"line":66,"column":36},"end":{"line":68,"column":2}},"line":66},"5":{"name":"(anonymous_5)","decl":{"start":{"line":70,"column":1},"end":{"line":70,"column":2}},"loc":{"start":{"line":70,"column":37},"end":{"line":72,"column":2}},"line":70},"6":{"name":"(anonymous_6)","decl":{"start":{"line":74,"column":1},"end":{"line":74,"column":2}},"loc":{"start":{"line":74,"column":38},"end":{"line":115,"column":2}},"line":74},"7":{"name":"(anonymous_7)","decl":{"start":{"line":117,"column":1},"end":{"line":117,"column":2}},"loc":{"start":{"line":117,"column":51},"end":{"line":127,"column":2}},"line":117},"8":{"name":"(anonymous_8)","decl":{"start":{"line":118,"column":21},"end":{"line":118,"column":22}},"loc":{"start":{"line":118,"column":35},"end":{"line":126,"column":3}},"line":118},"9":{"name":"(anonymous_9)","decl":{"start":{"line":119,"column":32},"end":{"line":119,"column":33}},"loc":{"start":{"line":119,"column":49},"end":{"line":125,"column":4}},"line":119},"10":{"name":"(anonymous_10)","decl":{"start":{"line":129,"column":1},"end":{"line":129,"column":2}},"loc":{"start":{"line":129,"column":27},"end":{"line":140,"column":2}},"line":129},"11":{"name":"(anonymous_11)","decl":{"start":{"line":142,"column":1},"end":{"line":142,"column":2}},"loc":{"start":{"line":142,"column":14},"end":{"line":169,"column":2}},"line":142},"12":{"name":"(anonymous_12)","decl":{"start":{"line":145,"column":57},"end":{"line":145,"column":58}},"loc":{"start":{"line":145,"column":77},"end":{"line":158,"column":3}},"line":145},"13":{"name":"(anonymous_13)","decl":{"start":{"line":159,"column":49},"end":{"line":159,"column":50}},"loc":{"start":{"line":159,"column":57},"end":{"line":167,"column":3}},"line":159},"14":{"name":"(anonymous_14)","decl":{"start":{"line":171,"column":1},"end":{"line":171,"column":2}},"loc":{"start":{"line":171,"column":28},"end":{"line":176,"column":2}},"line":171},"15":{"name":"(anonymous_15)","decl":{"start":{"line":178,"column":1},"end":{"line":178,"column":2}},"loc":{"start":{"line":178,"column":53},"end":{"line":185,"column":2}},"line":178},"16":{"name":"(anonymous_16)","decl":{"start":{"line":187,"column":1},"end":{"line":187,"column":2}},"loc":{"start":{"line":187,"column":62},"end":{"line":194,"column":2}},"line":187},"17":{"name":"(anonymous_17)","decl":{"start":{"line":196,"column":1},"end":{"line":196,"column":2}},"loc":{"start":{"line":196,"column":46},"end":{"line":209,"column":2}},"line":196},"18":{"name":"(anonymous_18)","decl":{"start":{"line":211,"column":1},"end":{"line":211,"column":2}},"loc":{"start":{"line":211,"column":15},"end":{"line":225,"column":2}},"line":211},"19":{"name":"(anonymous_19)","decl":{"start":{"line":214,"column":21},"end":{"line":214,"column":22}},"loc":{"start":{"line":214,"column":35},"end":{"line":224,"column":3}},"line":214},"20":{"name":"(anonymous_20)","decl":{"start":{"line":215,"column":32},"end":{"line":215,"column":33}},"loc":{"start":{"line":215,"column":57},"end":{"line":223,"column":4}},"line":215},"21":{"name":"(anonymous_21)","decl":{"start":{"line":227,"column":1},"end":{"line":227,"column":2}},"loc":{"start":{"line":227,"column":35},"end":{"line":229,"column":2}},"line":227},"22":{"name":"(anonymous_22)","decl":{"start":{"line":231,"column":1},"end":{"line":231,"column":2}},"loc":{"start":{"line":231,"column":36},"end":{"line":240,"column":2}},"line":231},"23":{"name":"(anonymous_23)","decl":{"start":{"line":242,"column":1},"end":{"line":242,"column":2}},"loc":{"start":{"line":242,"column":46},"end":{"line":248,"column":2}},"line":242},"24":{"name":"(anonymous_24)","decl":{"start":{"line":250,"column":1},"end":{"line":250,"column":2}},"loc":{"start":{"line":250,"column":47},"end":{"line":278,"column":2}},"line":250},"25":{"name":"(anonymous_25)","decl":{"start":{"line":280,"column":1},"end":{"line":280,"column":2}},"loc":{"start":{"line":280,"column":30},"end":{"line":283,"column":2}},"line":280},"26":{"name":"(anonymous_26)","decl":{"start":{"line":282,"column":23},"end":{"line":282,"column":24}},"loc":{"start":{"line":282,"column":33},"end":{"line":282,"column":65}},"line":282}},"branchMap":{"0":{"loc":{"start":{"line":121,"column":4},"end":{"line":123,"column":5}},"type":"if","locations":[{"start":{"line":121,"column":4},"end":{"line":123,"column":5}}],"line":121},"1":{"loc":{"start":{"line":129,"column":13},"end":{"line":129,"column":25}},"type":"default-arg","locations":[{"start":{"line":129,"column":23},"end":{"line":129,"column":25}}],"line":129},"2":{"loc":{"start":{"line":131,"column":92},"end":{"line":131,"column":124}},"type":"binary-expr","locations":[{"start":{"line":131,"column":92},"end":{"line":131,"column":118}},{"start":{"line":131,"column":122},"end":{"line":131,"column":124}}],"line":131},"3":{"loc":{"start":{"line":132,"column":84},"end":{"line":132,"column":112}},"type":"binary-expr","locations":[{"start":{"line":132,"column":84},"end":{"line":132,"column":106}},{"start":{"line":132,"column":110},"end":{"line":132,"column":112}}],"line":132},"4":{"loc":{"start":{"line":133,"column":97},"end":{"line":133,"column":124}},"type":"binary-expr","locations":[{"start":{"line":133,"column":97},"end":{"line":133,"column":118}},{"start":{"line":133,"column":122},"end":{"line":133,"column":124}}],"line":133},"5":{"loc":{"start":{"line":134,"column":80},"end":{"line":134,"column":106}},"type":"binary-expr","locations":[{"start":{"line":134,"column":80},"end":{"line":134,"column":100}},{"start":{"line":134,"column":104},"end":{"line":134,"column":106}}],"line":134},"6":{"loc":{"start":{"line":138,"column":16},"end":{"line":138,"column":51}},"type":"cond-expr","locations":[{"start":{"line":138,"column":29},"end":{"line":138,"column":46}},{"start":{"line":138,"column":49},"end":{"line":138,"column":51}}],"line":138},"7":{"loc":{"start":{"line":138,"column":56},"end":{"line":138,"column":93}},"type":"cond-expr","locations":[{"start":{"line":138,"column":69},"end":{"line":138,"column":88}},{"start":{"line":138,"column":91},"end":{"line":138,"column":93}}],"line":138},"8":{"loc":{"start":{"line":147,"column":3},"end":{"line":150,"column":4}},"type":"if","locations":[{"start":{"line":147,"column":3},"end":{"line":150,"column":4}},{"start":{"line":147,"column":3},"end":{"line":150,"column":4}}],"line":147},"9":{"loc":{"start":{"line":152,"column":3},"end":{"line":154,"column":4}},"type":"if","locations":[{"start":{"line":152,"column":3},"end":{"line":154,"column":4}},{"start":{"line":152,"column":3},"end":{"line":154,"column":4}}],"line":152},"10":{"loc":{"start":{"line":162,"column":3},"end":{"line":166,"column":4}},"type":"if","locations":[{"start":{"line":162,"column":3},"end":{"line":166,"column":4}},{"start":{"line":162,"column":3},"end":{"line":166,"column":4}}],"line":162},"11":{"loc":{"start":{"line":171,"column":14},"end":{"line":171,"column":26}},"type":"default-arg","locations":[{"start":{"line":171,"column":24},"end":{"line":171,"column":26}}],"line":171},"12":{"loc":{"start":{"line":181,"column":2},"end":{"line":183,"column":3}},"type":"if","locations":[{"start":{"line":181,"column":2},"end":{"line":183,"column":3}},{"start":{"line":181,"column":2},"end":{"line":183,"column":3}}],"line":181},"13":{"loc":{"start":{"line":190,"column":2},"end":{"line":192,"column":3}},"type":"if","locations":[{"start":{"line":190,"column":2},"end":{"line":192,"column":3}},{"start":{"line":190,"column":2},"end":{"line":192,"column":3}}],"line":190},"14":{"loc":{"start":{"line":216,"column":4},"end":{"line":218,"column":5}},"type":"if","locations":[{"start":{"line":216,"column":4},"end":{"line":218,"column":5}},{"start":{"line":216,"column":4},"end":{"line":218,"column":5}}],"line":216},"15":{"loc":{"start":{"line":232,"column":20},"end":{"line":232,"column":32}},"type":"default-arg","locations":[{"start":{"line":232,"column":30},"end":{"line":232,"column":32}}],"line":232},"16":{"loc":{"start":{"line":233,"column":2},"end":{"line":235,"column":3}},"type":"if","locations":[{"start":{"line":233,"column":2},"end":{"line":235,"column":3}},{"start":{"line":233,"column":2},"end":{"line":235,"column":3}}],"line":233},"17":{"loc":{"start":{"line":236,"column":2},"end":{"line":238,"column":3}},"type":"if","locations":[{"start":{"line":236,"column":2},"end":{"line":238,"column":3}},{"start":{"line":236,"column":2},"end":{"line":238,"column":3}}],"line":236},"18":{"loc":{"start":{"line":244,"column":2},"end":{"line":246,"column":3}},"type":"if","locations":[{"start":{"line":244,"column":2},"end":{"line":246,"column":3}},{"start":{"line":244,"column":2},"end":{"line":246,"column":3}}],"line":244},"19":{"loc":{"start":{"line":254,"column":3},"end":{"line":256,"column":4}},"type":"if","locations":[{"start":{"line":254,"column":3},"end":{"line":256,"column":4}},{"start":{"line":254,"column":3},"end":{"line":256,"column":4}}],"line":254},"20":{"loc":{"start":{"line":259,"column":3},"end":{"line":261,"column":4}},"type":"if","locations":[{"start":{"line":259,"column":3},"end":{"line":261,"column":4}},{"start":{"line":259,"column":3},"end":{"line":261,"column":4}}],"line":259}},"s":{"0":1,"1":1,"2":1,"3":1,"4":1,"5":1,"6":1,"7":1,"8":1,"9":3,"10":3,"11":3,"12":3,"13":3,"14":3,"15":3,"16":4,"17":4,"18":4,"19":4,"20":3,"21":3,"22":3,"23":3,"24":3,"25":3,"26":3,"27":3,"28":3,"29":3,"30":1,"31":1,"32":1,"33":38,"34":38,"35":0,"36":0,"37":38,"38":38,"39":0,"40":38,"41":38,"42":38,"43":1,"44":39,"45":39,"46":39,"47":0,"48":39,"49":1,"50":3,"51":3,"52":115,"53":115,"54":115,"55":0,"56":115,"57":115,"58":115,"59":115,"60":0,"61":115,"62":115,"63":115,"64":140,"65":140,"66":140,"67":140,"68":140,"69":0,"70":140,"71":13,"72":59,"73":59,"74":9,"75":50,"76":46,"77":4,"78":161,"79":161,"80":59,"81":102,"82":161,"83":161,"84":161,"85":161,"86":0,"87":161,"88":161,"89":46,"90":115,"91":115,"92":115,"93":0,"94":0,"95":115,"96":115,"97":115,"98":0,"99":0,"100":0,"101":0,"102":0,"103":1},"f":{"0":3,"1":3,"2":3,"3":3,"4":3,"5":3,"6":3,"7":4,"8":4,"9":4,"10":3,"11":1,"12":38,"13":39,"14":3,"15":115,"16":115,"17":115,"18":140,"19":140,"20":140,"21":13,"22":59,"23":161,"24":161,"25":0,"26":0},"b":{"0":[4],"1":[1],"2":[3,2],"3":[3,3],"4":[3,3],"5":[3,3],"6":[1,2],"7":[1,2],"8":[0,38],"9":[0,38],"10":[0,39],"11":[3],"12":[0,115],"13":[0,115],"14":[0,140],"15":[50],"16":[9,50],"17":[46,4],"18":[59,102],"19":[0,161],"20":[46,115]},"_coverageSchema":"1a1c01bbd47fc00a2c39e90264f33305004495a9","hash":"c6ff54313fa932e2dc7f078ab719bcf9a955be40","contentHash":"66d4284a6eae8116d12f25610524318a180de7a49e44a23fe2fe74e82775fdb2"},"/home/carlos/Software/node/22-02-2020/mysql-auth/src/auth-client.js":{"path":"/home/carlos/Software/node/22-02-2020/mysql-auth/src/auth-client.js","statementMap":{"0":{"start":{"line":4,"column":2},"end":{"line":4,"column":12}},"1":{"start":{"line":8,"column":2},"end":{"line":8,"column":65}},"2":{"start":{"line":9,"column":2},"end":{"line":11,"column":3}},"3":{"start":{"line":10,"column":3},"end":{"line":10,"column":52}},"4":{"start":{"line":12,"column":2},"end":{"line":12,"column":33}},"5":{"start":{"line":13,"column":2},"end":{"line":20,"column":5}},"6":{"start":{"line":14,"column":27},"end":{"line":14,"column":65}},"7":{"start":{"line":15,"column":27},"end":{"line":15,"column":50}},"8":{"start":{"line":16,"column":4},"end":{"line":18,"column":5}},"9":{"start":{"line":17,"column":5},"end":{"line":17,"column":79}},"10":{"start":{"line":19,"column":4},"end":{"line":19,"column":56}},"11":{"start":{"line":21,"column":2},"end":{"line":24,"column":5}},"12":{"start":{"line":22,"column":24},"end":{"line":22,"column":53}},"13":{"start":{"line":23,"column":3},"end":{"line":23,"column":59}},"14":{"start":{"line":29,"column":0},"end":{"line":29,"column":28}}},"fnMap":{"0":{"name":"(anonymous_0)","decl":{"start":{"line":3,"column":1},"end":{"line":3,"column":2}},"loc":{"start":{"line":3,"column":30},"end":{"line":5,"column":2}},"line":3},"1":{"name":"(anonymous_1)","decl":{"start":{"line":7,"column":1},"end":{"line":7,"column":2}},"loc":{"start":{"line":7,"column":27},"end":{"line":25,"column":2}},"line":7},"2":{"name":"(anonymous_2)","decl":{"start":{"line":13,"column":50},"end":{"line":13,"column":51}},"loc":{"start":{"line":13,"column":64},"end":{"line":20,"column":3}},"line":13},"3":{"name":"(anonymous_3)","decl":{"start":{"line":21,"column":36},"end":{"line":21,"column":37}},"loc":{"start":{"line":21,"column":56},"end":{"line":24,"column":3}},"line":21}},"branchMap":{"0":{"loc":{"start":{"line":7,"column":13},"end":{"line":7,"column":25}},"type":"default-arg","locations":[{"start":{"line":7,"column":23},"end":{"line":7,"column":25}}],"line":7},"1":{"loc":{"start":{"line":9,"column":2},"end":{"line":11,"column":3}},"type":"if","locations":[{"start":{"line":9,"column":2},"end":{"line":11,"column":3}},{"start":{"line":9,"column":2},"end":{"line":11,"column":3}}],"line":9},"2":{"loc":{"start":{"line":16,"column":4},"end":{"line":18,"column":5}},"type":"if","locations":[{"start":{"line":16,"column":4},"end":{"line":18,"column":5}},{"start":{"line":16,"column":4},"end":{"line":18,"column":5}}],"line":16}},"s":{"0":6,"1":6,"2":6,"3":3,"4":3,"5":3,"6":114,"7":114,"8":114,"9":0,"10":114,"11":3,"12":3,"13":3,"14":1},"f":{"0":6,"1":6,"2":114,"3":3},"b":{"0":[3],"1":[3,3],"2":[0,114]},"_coverageSchema":"1a1c01bbd47fc00a2c39e90264f33305004495a9","hash":"c5bc3907a0952524e3856ae37c6d2253a9d949f1","contentHash":"8669ca5c10fae1aa72d90e5be71501ab87e8b8b39edd72dd14b110e51e212296"},"/home/carlos/Software/node/22-02-2020/mysql-auth/src/utils.js":{"path":"/home/carlos/Software/node/22-02-2020/mysql-auth/src/utils.js","statementMap":{"0":{"start":{"line":1,"column":12},"end":{"line":1,"column":32}},"1":{"start":{"line":2,"column":22},"end":{"line":13,"column":1}},"2":{"start":{"line":14,"column":25},"end":{"line":17,"column":1}},"3":{"start":{"line":15,"column":23},"end":{"line":15,"column":53}},"4":{"start":{"line":16,"column":1},"end":{"line":16,"column":152}},"5":{"start":{"line":16,"column":119},"end":{"line":16,"column":141}},"6":{"start":{"line":20,"column":0},"end":{"line":113,"column":2}},"7":{"start":{"line":23,"column":14},"end":{"line":23,"column":15}},"8":{"start":{"line":23,"column":25},"end":{"line":23,"column":27}},"9":{"start":{"line":24,"column":2},"end":{"line":27,"column":3}},"10":{"start":{"line":25,"column":3},"end":{"line":25,"column":11}},"11":{"start":{"line":26,"column":3},"end":{"line":26,"column":64}},"12":{"start":{"line":28,"column":2},"end":{"line":28,"column":15}},"13":{"start":{"line":32,"column":14},"end":{"line":32,"column":16}},"14":{"start":{"line":33,"column":15},"end":{"line":33,"column":17}},"15":{"start":{"line":34,"column":17},"end":{"line":34,"column":39}},"16":{"start":{"line":35,"column":21},"end":{"line":35,"column":25}},"17":{"start":{"line":36,"column":2},"end":{"line":50,"column":5}},"18":{"start":{"line":37,"column":3},"end":{"line":49,"column":4}},"19":{"start":{"line":38,"column":4},"end":{"line":38,"column":26}},"20":{"start":{"line":39,"column":4},"end":{"line":41,"column":5}},"21":{"start":{"line":40,"column":5},"end":{"line":40,"column":88}},"22":{"start":{"line":40,"column":55},"end":{"line":40,"column":86}},"23":{"start":{"line":42,"column":20},"end":{"line":45,"column":10}},"24":{"start":{"line":43,"column":5},"end":{"line":43,"column":69}},"25":{"start":{"line":44,"column":5},"end":{"line":44,"column":19}},"26":{"start":{"line":46,"column":4},"end":{"line":48,"column":5}},"27":{"start":{"line":47,"column":5},"end":{"line":47,"column":24}},"28":{"start":{"line":51,"column":2},"end":{"line":51,"column":14}},"29":{"start":{"line":55,"column":12},"end":{"line":55,"column":14}},"30":{"start":{"line":56,"column":2},"end":{"line":58,"column":3}},"31":{"start":{"line":57,"column":3},"end":{"line":57,"column":18}},"32":{"start":{"line":59,"column":24},"end":{"line":59,"column":48}},"33":{"start":{"line":60,"column":2},"end":{"line":66,"column":3}},"34":{"start":{"line":62,"column":9},"end":{"line":66,"column":3}},"35":{"start":{"line":63,"column":3},"end":{"line":63,"column":123}},"36":{"start":{"line":63,"column":66},"end":{"line":63,"column":121}},"37":{"start":{"line":65,"column":3},"end":{"line":65,"column":80}},"38":{"start":{"line":67,"column":2},"end":{"line":110,"column":5}},"39":{"start":{"line":68,"column":3},"end":{"line":70,"column":4}},"40":{"start":{"line":69,"column":4},"end":{"line":69,"column":25}},"41":{"start":{"line":71,"column":3},"end":{"line":109,"column":4}},"42":{"start":{"line":72,"column":4},"end":{"line":101,"column":5}},"43":{"start":{"line":73,"column":5},"end":{"line":73,"column":78}},"44":{"start":{"line":74,"column":11},"end":{"line":101,"column":5}},"45":{"start":{"line":75,"column":22},"end":{"line":75,"column":68}},"46":{"start":{"line":76,"column":19},"end":{"line":76,"column":36}},"47":{"start":{"line":77,"column":5},"end":{"line":77,"column":49}},"48":{"start":{"line":78,"column":11},"end":{"line":101,"column":5}},"49":{"start":{"line":79,"column":22},"end":{"line":79,"column":68}},"50":{"start":{"line":80,"column":22},"end":{"line":80,"column":39}},"51":{"start":{"line":81,"column":19},"end":{"line":81,"column":36}},"52":{"start":{"line":82,"column":5},"end":{"line":84,"column":6}},"53":{"start":{"line":83,"column":6},"end":{"line":83,"column":103}},"54":{"start":{"line":85,"column":5},"end":{"line":85,"column":44}},"55":{"start":{"line":86,"column":5},"end":{"line":98,"column":6}},"56":{"start":{"line":87,"column":6},"end":{"line":87,"column":17}},"57":{"start":{"line":88,"column":6},"end":{"line":94,"column":9}},"58":{"start":{"line":89,"column":7},"end":{"line":93,"column":8}},"59":{"start":{"line":90,"column":8},"end":{"line":90,"column":43}},"60":{"start":{"line":92,"column":8},"end":{"line":92,"column":36}},"61":{"start":{"line":95,"column":6},"end":{"line":95,"column":17}},"62":{"start":{"line":97,"column":6},"end":{"line":97,"column":24}},"63":{"start":{"line":100,"column":5},"end":{"line":100,"column":78}},"64":{"start":{"line":102,"column":10},"end":{"line":109,"column":4}},"65":{"start":{"line":103,"column":4},"end":{"line":106,"column":7}},"66":{"start":{"line":104,"column":22},"end":{"line":104,"column":63}},"67":{"start":{"line":105,"column":5},"end":{"line":105,"column":72}},"68":{"start":{"line":108,"column":4},"end":{"line":108,"column":114}},"69":{"start":{"line":111,"column":2},"end":{"line":111,"column":13}}},"fnMap":{"0":{"name":"(anonymous_0)","decl":{"start":{"line":14,"column":25},"end":{"line":14,"column":26}},"loc":{"start":{"line":14,"column":69},"end":{"line":17,"column":1}},"line":14},"1":{"name":"(anonymous_1)","decl":{"start":{"line":16,"column":107},"end":{"line":16,"column":108}},"loc":{"start":{"line":16,"column":119},"end":{"line":16,"column":141}},"line":16},"2":{"name":"(anonymous_2)","decl":{"start":{"line":22,"column":1},"end":{"line":22,"column":2}},"loc":{"start":{"line":22,"column":115},"end":{"line":29,"column":2}},"line":22},"3":{"name":"(anonymous_3)","decl":{"start":{"line":31,"column":1},"end":{"line":31,"column":2}},"loc":{"start":{"line":31,"column":37},"end":{"line":52,"column":2}},"line":31},"4":{"name":"(anonymous_4)","decl":{"start":{"line":36,"column":15},"end":{"line":36,"column":16}},"loc":{"start":{"line":36,"column":22},"end":{"line":50,"column":3}},"line":36},"5":{"name":"(anonymous_5)","decl":{"start":{"line":40,"column":44},"end":{"line":40,"column":45}},"loc":{"start":{"line":40,"column":55},"end":{"line":40,"column":86}},"line":40},"6":{"name":"(anonymous_6)","decl":{"start":{"line":42,"column":40},"end":{"line":42,"column":41}},"loc":{"start":{"line":42,"column":70},"end":{"line":45,"column":5}},"line":42},"7":{"name":"(anonymous_7)","decl":{"start":{"line":54,"column":1},"end":{"line":54,"column":2}},"loc":{"start":{"line":54,"column":81},"end":{"line":112,"column":2}},"line":54},"8":{"name":"(anonymous_8)","decl":{"start":{"line":63,"column":54},"end":{"line":63,"column":55}},"loc":{"start":{"line":63,"column":66},"end":{"line":63,"column":121}},"line":63},"9":{"name":"(anonymous_9)","decl":{"start":{"line":67,"column":26},"end":{"line":67,"column":27}},"loc":{"start":{"line":67,"column":62},"end":{"line":110,"column":3}},"line":67},"10":{"name":"(anonymous_10)","decl":{"start":{"line":88,"column":20},"end":{"line":88,"column":21}},"loc":{"start":{"line":88,"column":41},"end":{"line":94,"column":7}},"line":88},"11":{"name":"(anonymous_11)","decl":{"start":{"line":103,"column":40},"end":{"line":103,"column":41}},"loc":{"start":{"line":103,"column":56},"end":{"line":106,"column":5}},"line":103}},"branchMap":{"0":{"loc":{"start":{"line":14,"column":47},"end":{"line":14,"column":64}},"type":"default-arg","locations":[{"start":{"line":14,"column":59},"end":{"line":14,"column":64}}],"line":14},"1":{"loc":{"start":{"line":16,"column":9},"end":{"line":16,"column":85}},"type":"cond-expr","locations":[{"start":{"line":16,"column":50},"end":{"line":16,"column":79}},{"start":{"line":16,"column":83},"end":{"line":16,"column":85}}],"line":16},"2":{"loc":{"start":{"line":16,"column":9},"end":{"line":16,"column":46}},"type":"binary-expr","locations":[{"start":{"line":16,"column":9},"end":{"line":16,"column":33}},{"start":{"line":16,"column":37},"end":{"line":16,"column":46}}],"line":16},"3":{"loc":{"start":{"line":22,"column":15},"end":{"line":22,"column":27}},"type":"default-arg","locations":[{"start":{"line":22,"column":24},"end":{"line":22,"column":27}}],"line":22},"4":{"loc":{"start":{"line":22,"column":29},"end":{"line":22,"column":113}},"type":"default-arg","locations":[{"start":{"line":22,"column":39},"end":{"line":22,"column":113}}],"line":22},"5":{"loc":{"start":{"line":37,"column":3},"end":{"line":49,"column":4}},"type":"if","locations":[{"start":{"line":37,"column":3},"end":{"line":49,"column":4}},{"start":{"line":37,"column":3},"end":{"line":49,"column":4}}],"line":37},"6":{"loc":{"start":{"line":39,"column":4},"end":{"line":41,"column":5}},"type":"if","locations":[{"start":{"line":39,"column":4},"end":{"line":41,"column":5}},{"start":{"line":39,"column":4},"end":{"line":41,"column":5}}],"line":39},"7":{"loc":{"start":{"line":42,"column":41},"end":{"line":42,"column":52}},"type":"default-arg","locations":[{"start":{"line":42,"column":50},"end":{"line":42,"column":52}}],"line":42},"8":{"loc":{"start":{"line":46,"column":4},"end":{"line":48,"column":5}},"type":"if","locations":[{"start":{"line":46,"column":4},"end":{"line":48,"column":5}},{"start":{"line":46,"column":4},"end":{"line":48,"column":5}}],"line":46},"9":{"loc":{"start":{"line":54,"column":12},"end":{"line":54,"column":41}},"type":"default-arg","locations":[{"start":{"line":54,"column":39},"end":{"line":54,"column":41}}],"line":54},"10":{"loc":{"start":{"line":54,"column":43},"end":{"line":54,"column":60}},"type":"default-arg","locations":[{"start":{"line":54,"column":55},"end":{"line":54,"column":60}}],"line":54},"11":{"loc":{"start":{"line":54,"column":62},"end":{"line":54,"column":79}},"type":"default-arg","locations":[{"start":{"line":54,"column":74},"end":{"line":54,"column":79}}],"line":54},"12":{"loc":{"start":{"line":56,"column":2},"end":{"line":58,"column":3}},"type":"if","locations":[{"start":{"line":56,"column":2},"end":{"line":58,"column":3}},{"start":{"line":56,"column":2},"end":{"line":58,"column":3}}],"line":56},"13":{"loc":{"start":{"line":60,"column":2},"end":{"line":66,"column":3}},"type":"if","locations":[{"start":{"line":60,"column":2},"end":{"line":66,"column":3}},{"start":{"line":60,"column":2},"end":{"line":66,"column":3}}],"line":60},"14":{"loc":{"start":{"line":62,"column":9},"end":{"line":66,"column":3}},"type":"if","locations":[{"start":{"line":62,"column":9},"end":{"line":66,"column":3}},{"start":{"line":62,"column":9},"end":{"line":66,"column":3}}],"line":62},"15":{"loc":{"start":{"line":68,"column":3},"end":{"line":70,"column":4}},"type":"if","locations":[{"start":{"line":68,"column":3},"end":{"line":70,"column":4}},{"start":{"line":68,"column":3},"end":{"line":70,"column":4}}],"line":68},"16":{"loc":{"start":{"line":71,"column":3},"end":{"line":109,"column":4}},"type":"if","locations":[{"start":{"line":71,"column":3},"end":{"line":109,"column":4}},{"start":{"line":71,"column":3},"end":{"line":109,"column":4}}],"line":71},"17":{"loc":{"start":{"line":72,"column":4},"end":{"line":101,"column":5}},"type":"if","locations":[{"start":{"line":72,"column":4},"end":{"line":101,"column":5}},{"start":{"line":72,"column":4},"end":{"line":101,"column":5}}],"line":72},"18":{"loc":{"start":{"line":74,"column":11},"end":{"line":101,"column":5}},"type":"if","locations":[{"start":{"line":74,"column":11},"end":{"line":101,"column":5}},{"start":{"line":74,"column":11},"end":{"line":101,"column":5}}],"line":74},"19":{"loc":{"start":{"line":78,"column":11},"end":{"line":101,"column":5}},"type":"if","locations":[{"start":{"line":78,"column":11},"end":{"line":101,"column":5}},{"start":{"line":78,"column":11},"end":{"line":101,"column":5}}],"line":78},"20":{"loc":{"start":{"line":82,"column":5},"end":{"line":84,"column":6}},"type":"if","locations":[{"start":{"line":82,"column":5},"end":{"line":84,"column":6}},{"start":{"line":82,"column":5},"end":{"line":84,"column":6}}],"line":82},"21":{"loc":{"start":{"line":86,"column":5},"end":{"line":98,"column":6}},"type":"if","locations":[{"start":{"line":86,"column":5},"end":{"line":98,"column":6}},{"start":{"line":86,"column":5},"end":{"line":98,"column":6}}],"line":86},"22":{"loc":{"start":{"line":86,"column":8},"end":{"line":86,"column":76}},"type":"binary-expr","locations":[{"start":{"line":86,"column":9},"end":{"line":86,"column":26}},{"start":{"line":86,"column":30},"end":{"line":86,"column":51}},{"start":{"line":86,"column":56},"end":{"line":86,"column":76}}],"line":86},"23":{"loc":{"start":{"line":89,"column":7},"end":{"line":93,"column":8}},"type":"if","locations":[{"start":{"line":89,"column":7},"end":{"line":93,"column":8}},{"start":{"line":89,"column":7},"end":{"line":93,"column":8}}],"line":89},"24":{"loc":{"start":{"line":102,"column":10},"end":{"line":109,"column":4}},"type":"if","locations":[{"start":{"line":102,"column":10},"end":{"line":109,"column":4}},{"start":{"line":102,"column":10},"end":{"line":109,"column":4}}],"line":102}},"s":{"0":1,"1":1,"2":1,"3":77,"4":77,"5":78,"6":1,"7":22,"8":22,"9":22,"10":5610,"11":5610,"12":22,"13":52,"14":52,"15":52,"16":52,"17":52,"18":148,"19":65,"20":65,"21":52,"22":1248,"23":65,"24":377,"25":377,"26":65,"27":52,"28":52,"29":77,"30":77,"31":5,"32":77,"33":77,"34":77,"35":77,"36":77,"37":0,"38":77,"39":77,"40":0,"41":77,"42":77,"43":0,"44":77,"45":77,"46":77,"47":77,"48":0,"49":0,"50":0,"51":0,"52":0,"53":0,"54":0,"55":0,"56":0,"57":0,"58":0,"59":0,"60":0,"61":0,"62":0,"63":0,"64":0,"65":0,"66":0,"67":0,"68":0,"69":77},"f":{"0":77,"1":78,"2":22,"3":52,"4":148,"5":1248,"6":377,"7":77,"8":77,"9":77,"10":0,"11":0},"b":{"0":[0],"1":[48,29],"2":[77,76],"3":[22],"4":[22],"5":[65,83],"6":[52,13],"7":[0],"8":[52,13],"9":[0],"10":[28],"11":[28],"12":[5,72],"13":[0,77],"14":[77,0],"15":[0,77],"16":[77,0],"17":[0,77],"18":[77,0],"19":[0,0],"20":[0,0],"21":[0,0],"22":[0,0,0],"23":[0,0],"24":[0,0]},"_coverageSchema":"1a1c01bbd47fc00a2c39e90264f33305004495a9","hash":"f047bdfb3a4bdeca26a61f18c09efd7079ebdf1a","contentHash":"de0f0bbd9f28ce7ef40b706292584671cc1b2b842efa44dcd9d4403060d6fc42"},"/home/carlos/Software/node/22-02-2020/mysql-auth/src/methods/assignPrivilegeToCommunity.js":{"path":"/home/carlos/Software/node/22-02-2020/mysql-auth/src/methods/assignPrivilegeToCommunity.js","statementMap":{"0":{"start":{"line":8,"column":0},"end":{"line":22,"column":2}},"1":{"start":{"line":10,"column":1},"end":{"line":12,"column":3}},"2":{"start":{"line":11,"column":2},"end":{"line":11,"column":57}},"3":{"start":{"line":14,"column":1},"end":{"line":16,"column":3}},"4":{"start":{"line":15,"column":2},"end":{"line":15,"column":58}},"5":{"start":{"line":18,"column":1},"end":{"line":20,"column":3}},"6":{"start":{"line":19,"column":2},"end":{"line":19,"column":16}}},"fnMap":{"0":{"name":"(anonymous_0)","decl":{"start":{"line":8,"column":17},"end":{"line":8,"column":18}},"loc":{"start":{"line":8,"column":28},"end":{"line":22,"column":1}},"line":8},"1":{"name":"(anonymous_1)","decl":{"start":{"line":10,"column":46},"end":{"line":10,"column":47}},"loc":{"start":{"line":10,"column":66},"end":{"line":12,"column":2}},"line":10},"2":{"name":"(anonymous_2)","decl":{"start":{"line":14,"column":35},"end":{"line":14,"column":36}},"loc":{"start":{"line":14,"column":48},"end":{"line":16,"column":2}},"line":14},"3":{"name":"(anonymous_3)","decl":{"start":{"line":18,"column":47},"end":{"line":18,"column":48}},"loc":{"start":{"line":18,"column":87},"end":{"line":20,"column":2}},"line":18}},"branchMap":{},"s":{"0":1,"1":1,"2":5,"3":1,"4":5,"5":1,"6":5},"f":{"0":1,"1":5,"2":5,"3":5},"b":{},"_coverageSchema":"1a1c01bbd47fc00a2c39e90264f33305004495a9","hash":"307c065d3bd62da9cab6d2acf2cb62a4dee2d4d9","contentHash":"6b8767431728c9e1a05b022555f57779dde6c36f5cce791a70e6885348904a9e"},"/home/carlos/Software/node/22-02-2020/mysql-auth/src/methods/assignPrivilegeToUser.js":{"path":"/home/carlos/Software/node/22-02-2020/mysql-auth/src/methods/assignPrivilegeToUser.js","statementMap":{"0":{"start":{"line":8,"column":0},"end":{"line":22,"column":2}},"1":{"start":{"line":10,"column":1},"end":{"line":12,"column":3}},"2":{"start":{"line":11,"column":2},"end":{"line":11,"column":57}},"3":{"start":{"line":14,"column":1},"end":{"line":16,"column":3}},"4":{"start":{"line":15,"column":2},"end":{"line":15,"column":53}},"5":{"start":{"line":18,"column":1},"end":{"line":20,"column":3}},"6":{"start":{"line":19,"column":2},"end":{"line":19,"column":16}}},"fnMap":{"0":{"name":"(anonymous_0)","decl":{"start":{"line":8,"column":17},"end":{"line":8,"column":18}},"loc":{"start":{"line":8,"column":28},"end":{"line":22,"column":1}},"line":8},"1":{"name":"(anonymous_1)","decl":{"start":{"line":10,"column":41},"end":{"line":10,"column":42}},"loc":{"start":{"line":10,"column":61},"end":{"line":12,"column":2}},"line":10},"2":{"name":"(anonymous_2)","decl":{"start":{"line":14,"column":30},"end":{"line":14,"column":31}},"loc":{"start":{"line":14,"column":43},"end":{"line":16,"column":2}},"line":14},"3":{"name":"(anonymous_3)","decl":{"start":{"line":18,"column":42},"end":{"line":18,"column":43}},"loc":{"start":{"line":18,"column":82},"end":{"line":20,"column":2}},"line":18}},"branchMap":{},"s":{"0":1,"1":1,"2":6,"3":1,"4":6,"5":1,"6":6},"f":{"0":1,"1":6,"2":6,"3":6},"b":{},"_coverageSchema":"1a1c01bbd47fc00a2c39e90264f33305004495a9","hash":"713d2fb0ed570941ab5b846b5ecfc701a43dd9f9","contentHash":"6abdd489d313b0c52a31b24370272b58117bc0a0912f537686806d16c7f84282"},"/home/carlos/Software/node/22-02-2020/mysql-auth/src/methods/assignUserToCommunity.js":{"path":"/home/carlos/Software/node/22-02-2020/mysql-auth/src/methods/assignUserToCommunity.js","statementMap":{"0":{"start":{"line":8,"column":0},"end":{"line":22,"column":2}},"1":{"start":{"line":10,"column":1},"end":{"line":12,"column":3}},"2":{"start":{"line":11,"column":2},"end":{"line":11,"column":57}},"3":{"start":{"line":14,"column":1},"end":{"line":16,"column":3}},"4":{"start":{"line":15,"column":2},"end":{"line":15,"column":53}},"5":{"start":{"line":18,"column":1},"end":{"line":20,"column":3}},"6":{"start":{"line":19,"column":2},"end":{"line":19,"column":16}}},"fnMap":{"0":{"name":"(anonymous_0)","decl":{"start":{"line":8,"column":17},"end":{"line":8,"column":18}},"loc":{"start":{"line":8,"column":28},"end":{"line":22,"column":1}},"line":8},"1":{"name":"(anonymous_1)","decl":{"start":{"line":10,"column":41},"end":{"line":10,"column":42}},"loc":{"start":{"line":10,"column":61},"end":{"line":12,"column":2}},"line":10},"2":{"name":"(anonymous_2)","decl":{"start":{"line":14,"column":30},"end":{"line":14,"column":31}},"loc":{"start":{"line":14,"column":43},"end":{"line":16,"column":2}},"line":14},"3":{"name":"(anonymous_3)","decl":{"start":{"line":18,"column":42},"end":{"line":18,"column":43}},"loc":{"start":{"line":18,"column":82},"end":{"line":20,"column":2}},"line":18}},"branchMap":{},"s":{"0":1,"1":1,"2":4,"3":1,"4":4,"5":1,"6":4},"f":{"0":1,"1":4,"2":4,"3":4},"b":{},"_coverageSchema":"1a1c01bbd47fc00a2c39e90264f33305004495a9","hash":"877652067b51d47fb3ae551def955d785ac04c33","contentHash":"58ba21038d9d180e9f17a48fea7e08b5df62f0b285400907e3c45fc18b4c07b9"},"/home/carlos/Software/node/22-02-2020/mysql-auth/src/methods/authenticate.js":{"path":"/home/carlos/Software/node/22-02-2020/mysql-auth/src/methods/authenticate.js","statementMap":{"0":{"start":{"line":8,"column":14},"end":{"line":8,"column":49}},"1":{"start":{"line":10,"column":0},"end":{"line":54,"column":2}},"2":{"start":{"line":12,"column":1},"end":{"line":14,"column":3}},"3":{"start":{"line":13,"column":2},"end":{"line":13,"column":57}},"4":{"start":{"line":16,"column":1},"end":{"line":18,"column":3}},"5":{"start":{"line":17,"column":2},"end":{"line":17,"column":44}},"6":{"start":{"line":20,"column":1},"end":{"line":52,"column":3}},"7":{"start":{"line":21,"column":2},"end":{"line":51,"column":3}},"8":{"start":{"line":22,"column":23},"end":{"line":22,"column":33}},"9":{"start":{"line":23,"column":21},"end":{"line":23,"column":32}},"10":{"start":{"line":24,"column":3},"end":{"line":26,"column":4}},"11":{"start":{"line":25,"column":4},"end":{"line":25,"column":83}},"12":{"start":{"line":27,"column":23},"end":{"line":32,"column":4}},"13":{"start":{"line":33,"column":3},"end":{"line":35,"column":4}},"14":{"start":{"line":34,"column":4},"end":{"line":34,"column":86}},"15":{"start":{"line":36,"column":3},"end":{"line":38,"column":4}},"16":{"start":{"line":37,"column":4},"end":{"line":37,"column":89}},"17":{"start":{"line":39,"column":3},"end":{"line":39,"column":42}},"18":{"start":{"line":40,"column":3},"end":{"line":40,"column":48}},"19":{"start":{"line":41,"column":18},"end":{"line":45,"column":4}},"20":{"start":{"line":46,"column":3},"end":{"line":46,"column":44}},"21":{"start":{"line":47,"column":3},"end":{"line":47,"column":17}},"22":{"start":{"line":49,"column":3},"end":{"line":49,"column":54}},"23":{"start":{"line":50,"column":3},"end":{"line":50,"column":15}}},"fnMap":{"0":{"name":"(anonymous_0)","decl":{"start":{"line":10,"column":17},"end":{"line":10,"column":18}},"loc":{"start":{"line":10,"column":28},"end":{"line":54,"column":1}},"line":10},"1":{"name":"(anonymous_1)","decl":{"start":{"line":12,"column":32},"end":{"line":12,"column":33}},"loc":{"start":{"line":12,"column":52},"end":{"line":14,"column":2}},"line":12},"2":{"name":"(anonymous_2)","decl":{"start":{"line":16,"column":21},"end":{"line":16,"column":22}},"loc":{"start":{"line":16,"column":34},"end":{"line":18,"column":2}},"line":16},"3":{"name":"(anonymous_3)","decl":{"start":{"line":20,"column":33},"end":{"line":20,"column":34}},"loc":{"start":{"line":20,"column":79},"end":{"line":52,"column":2}},"line":20}},"branchMap":{"0":{"loc":{"start":{"line":24,"column":3},"end":{"line":26,"column":4}},"type":"if","locations":[{"start":{"line":24,"column":3},"end":{"line":26,"column":4}},{"start":{"line":24,"column":3},"end":{"line":26,"column":4}}],"line":24},"1":{"loc":{"start":{"line":24,"column":7},"end":{"line":24,"column":51}},"type":"binary-expr","locations":[{"start":{"line":24,"column":7},"end":{"line":24,"column":25}},{"start":{"line":24,"column":29},"end":{"line":24,"column":51}}],"line":24},"2":{"loc":{"start":{"line":33,"column":3},"end":{"line":35,"column":4}},"type":"if","locations":[{"start":{"line":33,"column":3},"end":{"line":35,"column":4}},{"start":{"line":33,"column":3},"end":{"line":35,"column":4}}],"line":33},"3":{"loc":{"start":{"line":36,"column":3},"end":{"line":38,"column":4}},"type":"if","locations":[{"start":{"line":36,"column":3},"end":{"line":38,"column":4}},{"start":{"line":36,"column":3},"end":{"line":38,"column":4}}],"line":36}},"s":{"0":1,"1":1,"2":1,"3":13,"4":1,"5":59,"6":1,"7":13,"8":13,"9":13,"10":13,"11":0,"12":13,"13":13,"14":0,"15":13,"16":0,"17":13,"18":13,"19":13,"20":13,"21":13,"22":0,"23":0},"f":{"0":1,"1":13,"2":59,"3":13},"b":{"0":[0,13],"1":[13,13],"2":[0,13],"3":[0,13]},"_coverageSchema":"1a1c01bbd47fc00a2c39e90264f33305004495a9","hash":"5bf297d7d9d0935aa73ffad7e2ebc0b1a8d072be","contentHash":"95987d1881d010a374d29b2f805fd72432d847530a58dc518221814ac938062c"},"/home/carlos/Software/node/22-02-2020/mysql-auth/src/methods/can.js":{"path":"/home/carlos/Software/node/22-02-2020/mysql-auth/src/methods/can.js","statementMap":{"0":{"start":{"line":8,"column":0},"end":{"line":55,"column":2}},"1":{"start":{"line":14,"column":1},"end":{"line":49,"column":3}},"2":{"start":{"line":15,"column":2},"end":{"line":48,"column":3}},"3":{"start":{"line":16,"column":3},"end":{"line":18,"column":4}},"4":{"start":{"line":17,"column":4},"end":{"line":17,"column":36}},"5":{"start":{"line":19,"column":3},"end":{"line":21,"column":4}},"6":{"start":{"line":20,"column":4},"end":{"line":20,"column":72}},"7":{"start":{"line":22,"column":3},"end":{"line":24,"column":4}},"8":{"start":{"line":23,"column":4},"end":{"line":23,"column":90}},"9":{"start":{"line":25,"column":33},"end":{"line":25,"column":67}},"10":{"start":{"line":26,"column":15},"end":{"line":26,"column":36}},"11":{"start":{"line":27,"column":3},"end":{"line":44,"column":4}},"12":{"start":{"line":28,"column":30},"end":{"line":28,"column":86}},"13":{"start":{"line":29,"column":4},"end":{"line":34,"column":5}},"14":{"start":{"line":29,"column":20},"end":{"line":29,"column":21}},"15":{"start":{"line":30,"column":16},"end":{"line":30,"column":26}},"16":{"start":{"line":31,"column":5},"end":{"line":33,"column":6}},"17":{"start":{"line":32,"column":6},"end":{"line":32,"column":12}},"18":{"start":{"line":35,"column":4},"end":{"line":35,"column":38}},"19":{"start":{"line":37,"column":4},"end":{"line":42,"column":5}},"20":{"start":{"line":37,"column":20},"end":{"line":37,"column":21}},"21":{"start":{"line":38,"column":16},"end":{"line":38,"column":26}},"22":{"start":{"line":39,"column":5},"end":{"line":41,"column":6}},"23":{"start":{"line":40,"column":6},"end":{"line":40,"column":18}},"24":{"start":{"line":43,"column":4},"end":{"line":43,"column":38}},"25":{"start":{"line":46,"column":3},"end":{"line":46,"column":45}},"26":{"start":{"line":47,"column":3},"end":{"line":47,"column":15}}},"fnMap":{"0":{"name":"(anonymous_0)","decl":{"start":{"line":8,"column":17},"end":{"line":8,"column":18}},"loc":{"start":{"line":8,"column":28},"end":{"line":55,"column":1}},"line":8},"1":{"name":"(anonymous_1)","decl":{"start":{"line":14,"column":12},"end":{"line":14,"column":13}},"loc":{"start":{"line":14,"column":71},"end":{"line":49,"column":2}},"line":14}},"branchMap":{"0":{"loc":{"start":{"line":16,"column":3},"end":{"line":18,"column":4}},"type":"if","locations":[{"start":{"line":16,"column":3},"end":{"line":18,"column":4}},{"start":{"line":16,"column":3},"end":{"line":18,"column":4}}],"line":16},"1":{"loc":{"start":{"line":19,"column":3},"end":{"line":21,"column":4}},"type":"if","locations":[{"start":{"line":19,"column":3},"end":{"line":21,"column":4}},{"start":{"line":19,"column":3},"end":{"line":21,"column":4}}],"line":19},"2":{"loc":{"start":{"line":22,"column":3},"end":{"line":24,"column":4}},"type":"if","locations":[{"start":{"line":22,"column":3},"end":{"line":24,"column":4}},{"start":{"line":22,"column":3},"end":{"line":24,"column":4}}],"line":22},"3":{"loc":{"start":{"line":27,"column":3},"end":{"line":44,"column":4}},"type":"if","locations":[{"start":{"line":27,"column":3},"end":{"line":44,"column":4}},{"start":{"line":27,"column":3},"end":{"line":44,"column":4}}],"line":27},"4":{"loc":{"start":{"line":28,"column":31},"end":{"line":28,"column":68}},"type":"cond-expr","locations":[{"start":{"line":28,"column":47},"end":{"line":28,"column":56}},{"start":{"line":28,"column":59},"end":{"line":28,"column":68}}],"line":28},"5":{"loc":{"start":{"line":31,"column":5},"end":{"line":33,"column":6}},"type":"if","locations":[{"start":{"line":31,"column":5},"end":{"line":33,"column":6}},{"start":{"line":31,"column":5},"end":{"line":33,"column":6}}],"line":31},"6":{"loc":{"start":{"line":39,"column":5},"end":{"line":41,"column":6}},"type":"if","locations":[{"start":{"line":39,"column":5},"end":{"line":41,"column":6}},{"start":{"line":39,"column":5},"end":{"line":41,"column":6}}],"line":39}},"s":{"0":1,"1":1,"2":46,"3":46,"4":46,"5":46,"6":0,"7":46,"8":0,"9":46,"10":46,"11":46,"12":0,"13":0,"14":0,"15":0,"16":0,"17":0,"18":0,"19":46,"20":46,"21":128,"22":128,"23":34,"24":12,"25":0,"26":0},"f":{"0":1,"1":46},"b":{"0":[46,0],"1":[0,46],"2":[0,46],"3":[0,46],"4":[0,0],"5":[0,0],"6":[34,94]},"_coverageSchema":"1a1c01bbd47fc00a2c39e90264f33305004495a9","hash":"c9a97bdbe7b8af69a7ec33d0a8889044e9a96fa2","contentHash":"206c5d339a415c0ea2e50618445f33eb3268c54d33f5a4090c0436828ba667f0"},"/home/carlos/Software/node/22-02-2020/mysql-auth/src/methods/canMultiple.js":{"path":"/home/carlos/Software/node/22-02-2020/mysql-auth/src/methods/canMultiple.js","statementMap":{"0":{"start":{"line":8,"column":0},"end":{"line":34,"column":2}},"1":{"start":{"line":14,"column":1},"end":{"line":28,"column":3}},"2":{"start":{"line":15,"column":2},"end":{"line":27,"column":3}},"3":{"start":{"line":16,"column":3},"end":{"line":18,"column":4}},"4":{"start":{"line":17,"column":4},"end":{"line":17,"column":81}},"5":{"start":{"line":19,"column":25},"end":{"line":22,"column":5}},"6":{"start":{"line":20,"column":26},"end":{"line":20,"column":61}},"7":{"start":{"line":21,"column":4},"end":{"line":21,"column":45}},"8":{"start":{"line":23,"column":3},"end":{"line":23,"column":43}},"9":{"start":{"line":25,"column":3},"end":{"line":25,"column":53}},"10":{"start":{"line":26,"column":3},"end":{"line":26,"column":15}}},"fnMap":{"0":{"name":"(anonymous_0)","decl":{"start":{"line":8,"column":17},"end":{"line":8,"column":18}},"loc":{"start":{"line":8,"column":28},"end":{"line":34,"column":1}},"line":8},"1":{"name":"(anonymous_1)","decl":{"start":{"line":14,"column":20},"end":{"line":14,"column":21}},"loc":{"start":{"line":14,"column":50},"end":{"line":28,"column":2}},"line":14},"2":{"name":"(anonymous_2)","decl":{"start":{"line":19,"column":41},"end":{"line":19,"column":42}},"loc":{"start":{"line":19,"column":49},"end":{"line":22,"column":4}},"line":19}},"branchMap":{"0":{"loc":{"start":{"line":16,"column":3},"end":{"line":18,"column":4}},"type":"if","locations":[{"start":{"line":16,"column":3},"end":{"line":18,"column":4}},{"start":{"line":16,"column":3},"end":{"line":18,"column":4}}],"line":16},"1":{"loc":{"start":{"line":20,"column":26},"end":{"line":20,"column":61}},"type":"cond-expr","locations":[{"start":{"line":20,"column":48},"end":{"line":20,"column":52}},{"start":{"line":20,"column":55},"end":{"line":20,"column":61}}],"line":20}},"s":{"0":1,"1":1,"2":8,"3":8,"4":0,"5":8,"6":22,"7":22,"8":8,"9":0,"10":0},"f":{"0":1,"1":8,"2":22},"b":{"0":[0,8],"1":[0,22]},"_coverageSchema":"1a1c01bbd47fc00a2c39e90264f33305004495a9","hash":"e31c73c8db09a81cb346c4129822369a7103ae77","contentHash":"8b41a9edcb2f524d61a9cca733b39d8aeaade1ad2c54cc0ce1760961cb1a08e4"},"/home/carlos/Software/node/22-02-2020/mysql-auth/src/methods/cannot.js":{"path":"/home/carlos/Software/node/22-02-2020/mysql-auth/src/methods/cannot.js","statementMap":{"0":{"start":{"line":8,"column":0},"end":{"line":27,"column":2}},"1":{"start":{"line":14,"column":1},"end":{"line":21,"column":3}},"2":{"start":{"line":15,"column":2},"end":{"line":20,"column":3}},"3":{"start":{"line":16,"column":3},"end":{"line":16,"column":35}},"4":{"start":{"line":18,"column":3},"end":{"line":18,"column":48}},"5":{"start":{"line":19,"column":3},"end":{"line":19,"column":15}}},"fnMap":{"0":{"name":"(anonymous_0)","decl":{"start":{"line":8,"column":17},"end":{"line":8,"column":18}},"loc":{"start":{"line":8,"column":28},"end":{"line":27,"column":1}},"line":8},"1":{"name":"(anonymous_1)","decl":{"start":{"line":14,"column":15},"end":{"line":14,"column":16}},"loc":{"start":{"line":14,"column":34},"end":{"line":21,"column":2}},"line":14}},"branchMap":{},"s":{"0":1,"1":1,"2":18,"3":18,"4":0,"5":0},"f":{"0":1,"1":18},"b":{},"_coverageSchema":"1a1c01bbd47fc00a2c39e90264f33305004495a9","hash":"9b6a5f807a99dd09f5b794b0a37a02736a1e24ab","contentHash":"82500ebfa95bc4f6ce4e50984dc28fa3e29b367e27e28098b130c2eb1a853ac0"},"/home/carlos/Software/node/22-02-2020/mysql-auth/src/methods/cannotMultiple.js":{"path":"/home/carlos/Software/node/22-02-2020/mysql-auth/src/methods/cannotMultiple.js","statementMap":{"0":{"start":{"line":8,"column":0},"end":{"line":34,"column":2}},"1":{"start":{"line":14,"column":1},"end":{"line":28,"column":3}},"2":{"start":{"line":15,"column":2},"end":{"line":27,"column":3}},"3":{"start":{"line":16,"column":3},"end":{"line":18,"column":4}},"4":{"start":{"line":17,"column":4},"end":{"line":17,"column":81}},"5":{"start":{"line":19,"column":25},"end":{"line":22,"column":5}},"6":{"start":{"line":20,"column":26},"end":{"line":20,"column":61}},"7":{"start":{"line":21,"column":4},"end":{"line":21,"column":48}},"8":{"start":{"line":23,"column":3},"end":{"line":23,"column":43}},"9":{"start":{"line":25,"column":3},"end":{"line":25,"column":56}},"10":{"start":{"line":26,"column":3},"end":{"line":26,"column":15}}},"fnMap":{"0":{"name":"(anonymous_0)","decl":{"start":{"line":8,"column":17},"end":{"line":8,"column":18}},"loc":{"start":{"line":8,"column":28},"end":{"line":34,"column":1}},"line":8},"1":{"name":"(anonymous_1)","decl":{"start":{"line":14,"column":23},"end":{"line":14,"column":24}},"loc":{"start":{"line":14,"column":60},"end":{"line":28,"column":2}},"line":14},"2":{"name":"(anonymous_2)","decl":{"start":{"line":19,"column":48},"end":{"line":19,"column":49}},"loc":{"start":{"line":19,"column":56},"end":{"line":22,"column":4}},"line":19}},"branchMap":{"0":{"loc":{"start":{"line":16,"column":3},"end":{"line":18,"column":4}},"type":"if","locations":[{"start":{"line":16,"column":3},"end":{"line":18,"column":4}},{"start":{"line":16,"column":3},"end":{"line":18,"column":4}}],"line":16},"1":{"loc":{"start":{"line":20,"column":26},"end":{"line":20,"column":61}},"type":"cond-expr","locations":[{"start":{"line":20,"column":48},"end":{"line":20,"column":52}},{"start":{"line":20,"column":55},"end":{"line":20,"column":61}}],"line":20}},"s":{"0":1,"1":1,"2":3,"3":3,"4":0,"5":3,"6":12,"7":12,"8":3,"9":0,"10":0},"f":{"0":1,"1":3,"2":12},"b":{"0":[0,3],"1":[0,12]},"_coverageSchema":"1a1c01bbd47fc00a2c39e90264f33305004495a9","hash":"adc218750f74b099b85b1b5cdabe9d4be7e3a209","contentHash":"06c0602650e79cdf26287bfdf007ccc8fda0f7618e57ca5b2247f77f4a18d5f7"},"/home/carlos/Software/node/22-02-2020/mysql-auth/src/methods/changePassword.js":{"path":"/home/carlos/Software/node/22-02-2020/mysql-auth/src/methods/changePassword.js","statementMap":{"0":{"start":{"line":6,"column":0},"end":{"line":20,"column":2}},"1":{"start":{"line":8,"column":1},"end":{"line":10,"column":3}},"2":{"start":{"line":9,"column":2},"end":{"line":9,"column":57}},"3":{"start":{"line":12,"column":1},"end":{"line":14,"column":3}},"4":{"start":{"line":13,"column":2},"end":{"line":13,"column":46}},"5":{"start":{"line":16,"column":1},"end":{"line":18,"column":3}},"6":{"start":{"line":17,"column":2},"end":{"line":17,"column":16}}},"fnMap":{"0":{"name":"(anonymous_0)","decl":{"start":{"line":6,"column":17},"end":{"line":6,"column":18}},"loc":{"start":{"line":6,"column":28},"end":{"line":20,"column":1}},"line":6},"1":{"name":"(anonymous_1)","decl":{"start":{"line":8,"column":34},"end":{"line":8,"column":35}},"loc":{"start":{"line":8,"column":54},"end":{"line":10,"column":2}},"line":8},"2":{"name":"(anonymous_2)","decl":{"start":{"line":12,"column":23},"end":{"line":12,"column":24}},"loc":{"start":{"line":12,"column":36},"end":{"line":14,"column":2}},"line":12},"3":{"name":"(anonymous_3)","decl":{"start":{"line":16,"column":35},"end":{"line":16,"column":36}},"loc":{"start":{"line":16,"column":75},"end":{"line":18,"column":2}},"line":16}},"branchMap":{},"s":{"0":1,"1":1,"2":0,"3":1,"4":0,"5":1,"6":0},"f":{"0":1,"1":0,"2":0,"3":0},"b":{},"_coverageSchema":"1a1c01bbd47fc00a2c39e90264f33305004495a9","hash":"2b67e7cfc1081d24f90d5b64247438c0c8bf4f40","contentHash":"7c7fd46f3e5b7236d1a9d40280ba04db2c3151a48a45f36aa3a6ebd3c5c6ecfd"},"/home/carlos/Software/node/22-02-2020/mysql-auth/src/methods/checkUserUnicity.js":{"path":"/home/carlos/Software/node/22-02-2020/mysql-auth/src/methods/checkUserUnicity.js","statementMap":{"0":{"start":{"line":5,"column":0},"end":{"line":19,"column":2}},"1":{"start":{"line":7,"column":1},"end":{"line":9,"column":3}},"2":{"start":{"line":8,"column":2},"end":{"line":8,"column":57}},"3":{"start":{"line":11,"column":1},"end":{"line":13,"column":3}},"4":{"start":{"line":12,"column":2},"end":{"line":12,"column":48}},"5":{"start":{"line":15,"column":1},"end":{"line":17,"column":3}},"6":{"start":{"line":16,"column":2},"end":{"line":16,"column":16}}},"fnMap":{"0":{"name":"(anonymous_0)","decl":{"start":{"line":5,"column":17},"end":{"line":5,"column":18}},"loc":{"start":{"line":5,"column":28},"end":{"line":19,"column":1}},"line":5},"1":{"name":"(anonymous_1)","decl":{"start":{"line":7,"column":36},"end":{"line":7,"column":37}},"loc":{"start":{"line":7,"column":56},"end":{"line":9,"column":2}},"line":7},"2":{"name":"(anonymous_2)","decl":{"start":{"line":11,"column":25},"end":{"line":11,"column":26}},"loc":{"start":{"line":11,"column":38},"end":{"line":13,"column":2}},"line":11},"3":{"name":"(anonymous_3)","decl":{"start":{"line":15,"column":37},"end":{"line":15,"column":38}},"loc":{"start":{"line":15,"column":77},"end":{"line":17,"column":2}},"line":15}},"branchMap":{},"s":{"0":1,"1":1,"2":0,"3":1,"4":0,"5":1,"6":0},"f":{"0":1,"1":0,"2":0,"3":0},"b":{},"_coverageSchema":"1a1c01bbd47fc00a2c39e90264f33305004495a9","hash":"54471a36cbaeb4dc9e9be0139392423791d42b8f","contentHash":"738796e65741c97586c12af49949d9b0a1794d7bac8aa90cc2957f54a98a0d88"},"/home/carlos/Software/node/22-02-2020/mysql-auth/src/methods/confirmUser.js":{"path":"/home/carlos/Software/node/22-02-2020/mysql-auth/src/methods/confirmUser.js","statementMap":{"0":{"start":{"line":8,"column":0},"end":{"line":22,"column":2}},"1":{"start":{"line":10,"column":1},"end":{"line":12,"column":3}},"2":{"start":{"line":11,"column":2},"end":{"line":11,"column":57}},"3":{"start":{"line":14,"column":1},"end":{"line":16,"column":3}},"4":{"start":{"line":15,"column":2},"end":{"line":15,"column":43}},"5":{"start":{"line":18,"column":1},"end":{"line":20,"column":3}},"6":{"start":{"line":19,"column":2},"end":{"line":19,"column":16}}},"fnMap":{"0":{"name":"(anonymous_0)","decl":{"start":{"line":8,"column":17},"end":{"line":8,"column":18}},"loc":{"start":{"line":8,"column":28},"end":{"line":22,"column":1}},"line":8},"1":{"name":"(anonymous_1)","decl":{"start":{"line":10,"column":31},"end":{"line":10,"column":32}},"loc":{"start":{"line":10,"column":51},"end":{"line":12,"column":2}},"line":10},"2":{"name":"(anonymous_2)","decl":{"start":{"line":14,"column":20},"end":{"line":14,"column":21}},"loc":{"start":{"line":14,"column":33},"end":{"line":16,"column":2}},"line":14},"3":{"name":"(anonymous_3)","decl":{"start":{"line":18,"column":32},"end":{"line":18,"column":33}},"loc":{"start":{"line":18,"column":72},"end":{"line":20,"column":2}},"line":18}},"branchMap":{},"s":{"0":1,"1":1,"2":4,"3":1,"4":4,"5":1,"6":4},"f":{"0":1,"1":4,"2":4,"3":4},"b":{},"_coverageSchema":"1a1c01bbd47fc00a2c39e90264f33305004495a9","hash":"08e1c53663e7ba20c6f3352d810fe00e48ba1f7d","contentHash":"96eac76adc2f4a2d0bd589eee69dcbd8a63cd4e62fe0669906c41ae2f5c0334a"},"/home/carlos/Software/node/22-02-2020/mysql-auth/src/methods/createTables.js":{"path":"/home/carlos/Software/node/22-02-2020/mysql-auth/src/methods/createTables.js","statementMap":{"0":{"start":{"line":8,"column":0},"end":{"line":22,"column":2}},"1":{"start":{"line":10,"column":1},"end":{"line":12,"column":3}},"2":{"start":{"line":11,"column":2},"end":{"line":11,"column":57}},"3":{"start":{"line":14,"column":1},"end":{"line":16,"column":3}},"4":{"start":{"line":15,"column":2},"end":{"line":15,"column":44}},"5":{"start":{"line":18,"column":1},"end":{"line":20,"column":3}},"6":{"start":{"line":19,"column":2},"end":{"line":19,"column":16}}},"fnMap":{"0":{"name":"(anonymous_0)","decl":{"start":{"line":8,"column":17},"end":{"line":8,"column":18}},"loc":{"start":{"line":8,"column":28},"end":{"line":22,"column":1}},"line":8},"1":{"name":"(anonymous_1)","decl":{"start":{"line":10,"column":32},"end":{"line":10,"column":33}},"loc":{"start":{"line":10,"column":52},"end":{"line":12,"column":2}},"line":10},"2":{"name":"(anonymous_2)","decl":{"start":{"line":14,"column":21},"end":{"line":14,"column":22}},"loc":{"start":{"line":14,"column":34},"end":{"line":16,"column":2}},"line":14},"3":{"name":"(anonymous_3)","decl":{"start":{"line":18,"column":33},"end":{"line":18,"column":34}},"loc":{"start":{"line":18,"column":73},"end":{"line":20,"column":2}},"line":18}},"branchMap":{},"s":{"0":1,"1":1,"2":1,"3":1,"4":1,"5":1,"6":1},"f":{"0":1,"1":1,"2":1,"3":1},"b":{},"_coverageSchema":"1a1c01bbd47fc00a2c39e90264f33305004495a9","hash":"85ee1bf35b66718209ad7405940c00d42c52d7ca","contentHash":"14cb8d914d9ac31082b756594b9b5108f52476793d6336a61b71797c277ff924"},"/home/carlos/Software/node/22-02-2020/mysql-auth/src/methods/deleteCommunity.js":{"path":"/home/carlos/Software/node/22-02-2020/mysql-auth/src/methods/deleteCommunity.js","statementMap":{"0":{"start":{"line":8,"column":0},"end":{"line":22,"column":2}},"1":{"start":{"line":10,"column":1},"end":{"line":12,"column":3}},"2":{"start":{"line":11,"column":2},"end":{"line":11,"column":57}},"3":{"start":{"line":14,"column":1},"end":{"line":16,"column":3}},"4":{"start":{"line":15,"column":2},"end":{"line":15,"column":47}},"5":{"start":{"line":18,"column":1},"end":{"line":20,"column":3}},"6":{"start":{"line":19,"column":2},"end":{"line":19,"column":16}}},"fnMap":{"0":{"name":"(anonymous_0)","decl":{"start":{"line":8,"column":17},"end":{"line":8,"column":18}},"loc":{"start":{"line":8,"column":28},"end":{"line":22,"column":1}},"line":8},"1":{"name":"(anonymous_1)","decl":{"start":{"line":10,"column":35},"end":{"line":10,"column":36}},"loc":{"start":{"line":10,"column":55},"end":{"line":12,"column":2}},"line":10},"2":{"name":"(anonymous_2)","decl":{"start":{"line":14,"column":24},"end":{"line":14,"column":25}},"loc":{"start":{"line":14,"column":37},"end":{"line":16,"column":2}},"line":14},"3":{"name":"(anonymous_3)","decl":{"start":{"line":18,"column":36},"end":{"line":18,"column":37}},"loc":{"start":{"line":18,"column":76},"end":{"line":20,"column":2}},"line":18}},"branchMap":{},"s":{"0":1,"1":1,"2":1,"3":1,"4":0,"5":1,"6":1},"f":{"0":1,"1":1,"2":0,"3":1},"b":{},"_coverageSchema":"1a1c01bbd47fc00a2c39e90264f33305004495a9","hash":"99efbdddc8404ebb6c1d1515f355b41e096fef4f","contentHash":"447e8676bf6447ec1bdc3ff6e6f03a887c3ba7156810a52c7a50e72044244b77"},"/home/carlos/Software/node/22-02-2020/mysql-auth/src/methods/deletePrivilege.js":{"path":"/home/carlos/Software/node/22-02-2020/mysql-auth/src/methods/deletePrivilege.js","statementMap":{"0":{"start":{"line":8,"column":0},"end":{"line":22,"column":2}},"1":{"start":{"line":10,"column":1},"end":{"line":12,"column":3}},"2":{"start":{"line":11,"column":2},"end":{"line":11,"column":57}},"3":{"start":{"line":14,"column":1},"end":{"line":16,"column":3}},"4":{"start":{"line":15,"column":2},"end":{"line":15,"column":47}},"5":{"start":{"line":18,"column":1},"end":{"line":20,"column":3}},"6":{"start":{"line":19,"column":2},"end":{"line":19,"column":16}}},"fnMap":{"0":{"name":"(anonymous_0)","decl":{"start":{"line":8,"column":17},"end":{"line":8,"column":18}},"loc":{"start":{"line":8,"column":28},"end":{"line":22,"column":1}},"line":8},"1":{"name":"(anonymous_1)","decl":{"start":{"line":10,"column":35},"end":{"line":10,"column":36}},"loc":{"start":{"line":10,"column":55},"end":{"line":12,"column":2}},"line":10},"2":{"name":"(anonymous_2)","decl":{"start":{"line":14,"column":24},"end":{"line":14,"column":25}},"loc":{"start":{"line":14,"column":37},"end":{"line":16,"column":2}},"line":14},"3":{"name":"(anonymous_3)","decl":{"start":{"line":18,"column":36},"end":{"line":18,"column":37}},"loc":{"start":{"line":18,"column":76},"end":{"line":20,"column":2}},"line":18}},"branchMap":{},"s":{"0":1,"1":1,"2":1,"3":1,"4":0,"5":1,"6":1},"f":{"0":1,"1":1,"2":0,"3":1},"b":{},"_coverageSchema":"1a1c01bbd47fc00a2c39e90264f33305004495a9","hash":"c3c9e991d1783ef22b9af97301041d362a89152c","contentHash":"b0649d79d66177e8d3110e857d88ace2425236d2f53dd6dc68e405255e67f309"},"/home/carlos/Software/node/22-02-2020/mysql-auth/src/methods/deleteTables.js":{"path":"/home/carlos/Software/node/22-02-2020/mysql-auth/src/methods/deleteTables.js","statementMap":{"0":{"start":{"line":8,"column":0},"end":{"line":22,"column":2}},"1":{"start":{"line":10,"column":1},"end":{"line":12,"column":3}},"2":{"start":{"line":11,"column":2},"end":{"line":11,"column":57}},"3":{"start":{"line":14,"column":1},"end":{"line":16,"column":3}},"4":{"start":{"line":15,"column":2},"end":{"line":15,"column":44}},"5":{"start":{"line":18,"column":1},"end":{"line":20,"column":3}},"6":{"start":{"line":19,"column":2},"end":{"line":19,"column":16}}},"fnMap":{"0":{"name":"(anonymous_0)","decl":{"start":{"line":8,"column":17},"end":{"line":8,"column":18}},"loc":{"start":{"line":8,"column":28},"end":{"line":22,"column":1}},"line":8},"1":{"name":"(anonymous_1)","decl":{"start":{"line":10,"column":32},"end":{"line":10,"column":33}},"loc":{"start":{"line":10,"column":52},"end":{"line":12,"column":2}},"line":10},"2":{"name":"(anonymous_2)","decl":{"start":{"line":14,"column":21},"end":{"line":14,"column":22}},"loc":{"start":{"line":14,"column":34},"end":{"line":16,"column":2}},"line":14},"3":{"name":"(anonymous_3)","decl":{"start":{"line":18,"column":33},"end":{"line":18,"column":34}},"loc":{"start":{"line":18,"column":73},"end":{"line":20,"column":2}},"line":18}},"branchMap":{},"s":{"0":1,"1":1,"2":1,"3":1,"4":1,"5":1,"6":1},"f":{"0":1,"1":1,"2":1,"3":1},"b":{},"_coverageSchema":"1a1c01bbd47fc00a2c39e90264f33305004495a9","hash":"6d815a99ee96b45c0e4a4504b812c18bc5532df7","contentHash":"db83dcc48d7393b838d7fdef84e35965f8f1252dafd597e871564d53240729b5"},"/home/carlos/Software/node/22-02-2020/mysql-auth/src/methods/deleteUnconfirmedUser.js":{"path":"/home/carlos/Software/node/22-02-2020/mysql-auth/src/methods/deleteUnconfirmedUser.js","statementMap":{"0":{"start":{"line":8,"column":0},"end":{"line":22,"column":2}},"1":{"start":{"line":10,"column":1},"end":{"line":12,"column":3}},"2":{"start":{"line":11,"column":2},"end":{"line":11,"column":57}},"3":{"start":{"line":14,"column":1},"end":{"line":16,"column":3}},"4":{"start":{"line":15,"column":2},"end":{"line":15,"column":53}},"5":{"start":{"line":18,"column":1},"end":{"line":20,"column":3}},"6":{"start":{"line":19,"column":2},"end":{"line":19,"column":16}}},"fnMap":{"0":{"name":"(anonymous_0)","decl":{"start":{"line":8,"column":17},"end":{"line":8,"column":18}},"loc":{"start":{"line":8,"column":28},"end":{"line":22,"column":1}},"line":8},"1":{"name":"(anonymous_1)","decl":{"start":{"line":10,"column":41},"end":{"line":10,"column":42}},"loc":{"start":{"line":10,"column":61},"end":{"line":12,"column":2}},"line":10},"2":{"name":"(anonymous_2)","decl":{"start":{"line":14,"column":30},"end":{"line":14,"column":31}},"loc":{"start":{"line":14,"column":43},"end":{"line":16,"column":2}},"line":14},"3":{"name":"(anonymous_3)","decl":{"start":{"line":18,"column":42},"end":{"line":18,"column":43}},"loc":{"start":{"line":18,"column":82},"end":{"line":20,"column":2}},"line":18}},"branchMap":{},"s":{"0":1,"1":1,"2":0,"3":1,"4":0,"5":1,"6":0},"f":{"0":1,"1":0,"2":0,"3":0},"b":{},"_coverageSchema":"1a1c01bbd47fc00a2c39e90264f33305004495a9","hash":"1e0ac6aee68bc23742dd1b82498c6bca924a0710","contentHash":"864bee7c75cb98d851b1ad7c8914a9a13d1417763186ac7fe1825f93358ed813"},"/home/carlos/Software/node/22-02-2020/mysql-auth/src/methods/deleteUser.js":{"path":"/home/carlos/Software/node/22-02-2020/mysql-auth/src/methods/deleteUser.js","statementMap":{"0":{"start":{"line":8,"column":0},"end":{"line":22,"column":2}},"1":{"start":{"line":10,"column":1},"end":{"line":12,"column":3}},"2":{"start":{"line":11,"column":2},"end":{"line":11,"column":57}},"3":{"start":{"line":14,"column":1},"end":{"line":16,"column":3}},"4":{"start":{"line":15,"column":2},"end":{"line":15,"column":42}},"5":{"start":{"line":18,"column":1},"end":{"line":20,"column":3}},"6":{"start":{"line":19,"column":2},"end":{"line":19,"column":16}}},"fnMap":{"0":{"name":"(anonymous_0)","decl":{"start":{"line":8,"column":17},"end":{"line":8,"column":18}},"loc":{"start":{"line":8,"column":28},"end":{"line":22,"column":1}},"line":8},"1":{"name":"(anonymous_1)","decl":{"start":{"line":10,"column":30},"end":{"line":10,"column":31}},"loc":{"start":{"line":10,"column":50},"end":{"line":12,"column":2}},"line":10},"2":{"name":"(anonymous_2)","decl":{"start":{"line":14,"column":19},"end":{"line":14,"column":20}},"loc":{"start":{"line":14,"column":32},"end":{"line":16,"column":2}},"line":14},"3":{"name":"(anonymous_3)","decl":{"start":{"line":18,"column":31},"end":{"line":18,"column":32}},"loc":{"start":{"line":18,"column":71},"end":{"line":20,"column":2}},"line":18}},"branchMap":{},"s":{"0":1,"1":1,"2":1,"3":1,"4":1,"5":1,"6":1},"f":{"0":1,"1":1,"2":1,"3":1},"b":{},"_coverageSchema":"1a1c01bbd47fc00a2c39e90264f33305004495a9","hash":"d4e1d05121a3ce0b634f4bb84b46a01cabbcfe52","contentHash":"e10c03328ea014dc010e108922b0c01e5f0f402e721c7a75b76410bd7ffb1122"},"/home/carlos/Software/node/22-02-2020/mysql-auth/src/methods/findCommunity.js":{"path":"/home/carlos/Software/node/22-02-2020/mysql-auth/src/methods/findCommunity.js","statementMap":{"0":{"start":{"line":8,"column":0},"end":{"line":22,"column":2}},"1":{"start":{"line":10,"column":1},"end":{"line":12,"column":3}},"2":{"start":{"line":11,"column":2},"end":{"line":11,"column":57}},"3":{"start":{"line":14,"column":1},"end":{"line":16,"column":3}},"4":{"start":{"line":15,"column":2},"end":{"line":15,"column":45}},"5":{"start":{"line":18,"column":1},"end":{"line":20,"column":3}},"6":{"start":{"line":19,"column":2},"end":{"line":19,"column":16}}},"fnMap":{"0":{"name":"(anonymous_0)","decl":{"start":{"line":8,"column":17},"end":{"line":8,"column":18}},"loc":{"start":{"line":8,"column":28},"end":{"line":22,"column":1}},"line":8},"1":{"name":"(anonymous_1)","decl":{"start":{"line":10,"column":33},"end":{"line":10,"column":34}},"loc":{"start":{"line":10,"column":53},"end":{"line":12,"column":2}},"line":10},"2":{"name":"(anonymous_2)","decl":{"start":{"line":14,"column":22},"end":{"line":14,"column":23}},"loc":{"start":{"line":14,"column":35},"end":{"line":16,"column":2}},"line":14},"3":{"name":"(anonymous_3)","decl":{"start":{"line":18,"column":34},"end":{"line":18,"column":35}},"loc":{"start":{"line":18,"column":74},"end":{"line":20,"column":2}},"line":18}},"branchMap":{},"s":{"0":1,"1":1,"2":0,"3":1,"4":0,"5":1,"6":0},"f":{"0":1,"1":0,"2":0,"3":0},"b":{},"_coverageSchema":"1a1c01bbd47fc00a2c39e90264f33305004495a9","hash":"0bf0dbcd29f8f6302138c1e9830fd40e3618eaae","contentHash":"690e2cdb9619539443aa1aae45dd80f09c08cc9ba88bb15a3b5ac1b19f396738"},"/home/carlos/Software/node/22-02-2020/mysql-auth/src/methods/findPrivilege.js":{"path":"/home/carlos/Software/node/22-02-2020/mysql-auth/src/methods/findPrivilege.js","statementMap":{"0":{"start":{"line":8,"column":0},"end":{"line":33,"column":2}},"1":{"start":{"line":10,"column":1},"end":{"line":23,"column":3}},"2":{"start":{"line":11,"column":2},"end":{"line":22,"column":3}},"3":{"start":{"line":12,"column":30},"end":{"line":12,"column":34}},"4":{"start":{"line":13,"column":3},"end":{"line":15,"column":4}},"5":{"start":{"line":14,"column":4},"end":{"line":14,"column":81}},"6":{"start":{"line":16,"column":3},"end":{"line":18,"column":6}},"7":{"start":{"line":20,"column":3},"end":{"line":20,"column":66}},"8":{"start":{"line":21,"column":3},"end":{"line":21,"column":15}},"9":{"start":{"line":25,"column":1},"end":{"line":27,"column":3}},"10":{"start":{"line":26,"column":2},"end":{"line":26,"column":45}},"11":{"start":{"line":29,"column":1},"end":{"line":31,"column":3}},"12":{"start":{"line":30,"column":2},"end":{"line":30,"column":16}}},"fnMap":{"0":{"name":"(anonymous_0)","decl":{"start":{"line":8,"column":17},"end":{"line":8,"column":18}},"loc":{"start":{"line":8,"column":28},"end":{"line":33,"column":1}},"line":8},"1":{"name":"(anonymous_1)","decl":{"start":{"line":10,"column":33},"end":{"line":10,"column":34}},"loc":{"start":{"line":10,"column":59},"end":{"line":23,"column":2}},"line":10},"2":{"name":"(anonymous_2)","decl":{"start":{"line":25,"column":22},"end":{"line":25,"column":23}},"loc":{"start":{"line":25,"column":35},"end":{"line":27,"column":2}},"line":25},"3":{"name":"(anonymous_3)","decl":{"start":{"line":29,"column":34},"end":{"line":29,"column":35}},"loc":{"start":{"line":29,"column":74},"end":{"line":31,"column":2}},"line":29}},"branchMap":{"0":{"loc":{"start":{"line":13,"column":3},"end":{"line":15,"column":4}},"type":"if","locations":[{"start":{"line":13,"column":3},"end":{"line":15,"column":4}},{"start":{"line":13,"column":3},"end":{"line":15,"column":4}}],"line":13}},"s":{"0":1,"1":1,"2":0,"3":0,"4":0,"5":0,"6":0,"7":0,"8":0,"9":1,"10":0,"11":1,"12":0},"f":{"0":1,"1":0,"2":0,"3":0},"b":{"0":[0,0]},"_coverageSchema":"1a1c01bbd47fc00a2c39e90264f33305004495a9","hash":"5c77beb1fd38efb919ba6644ae2bfb8a73688670","contentHash":"9e455faff2fa263e62c5d8d2dd16f907e87948e9c5a9c7ec2ee3b95476c823da"},"/home/carlos/Software/node/22-02-2020/mysql-auth/src/methods/findSessionByUser.js":{"path":"/home/carlos/Software/node/22-02-2020/mysql-auth/src/methods/findSessionByUser.js","statementMap":{"0":{"start":{"line":8,"column":0},"end":{"line":22,"column":2}},"1":{"start":{"line":10,"column":1},"end":{"line":12,"column":3}},"2":{"start":{"line":11,"column":2},"end":{"line":11,"column":57}},"3":{"start":{"line":14,"column":1},"end":{"line":16,"column":3}},"4":{"start":{"line":15,"column":2},"end":{"line":15,"column":49}},"5":{"start":{"line":18,"column":1},"end":{"line":20,"column":3}},"6":{"start":{"line":19,"column":2},"end":{"line":19,"column":16}}},"fnMap":{"0":{"name":"(anonymous_0)","decl":{"start":{"line":8,"column":17},"end":{"line":8,"column":18}},"loc":{"start":{"line":8,"column":28},"end":{"line":22,"column":1}},"line":8},"1":{"name":"(anonymous_1)","decl":{"start":{"line":10,"column":37},"end":{"line":10,"column":38}},"loc":{"start":{"line":10,"column":57},"end":{"line":12,"column":2}},"line":10},"2":{"name":"(anonymous_2)","decl":{"start":{"line":14,"column":26},"end":{"line":14,"column":27}},"loc":{"start":{"line":14,"column":39},"end":{"line":16,"column":2}},"line":14},"3":{"name":"(anonymous_3)","decl":{"start":{"line":18,"column":38},"end":{"line":18,"column":39}},"loc":{"start":{"line":18,"column":78},"end":{"line":20,"column":2}},"line":18}},"branchMap":{},"s":{"0":1,"1":1,"2":1,"3":1,"4":1,"5":1,"6":1},"f":{"0":1,"1":1,"2":1,"3":1},"b":{},"_coverageSchema":"1a1c01bbd47fc00a2c39e90264f33305004495a9","hash":"8b8dca64a0d91605cd527c7094de94b5d38c692d","contentHash":"c92c4c0354dcc367bbd19b217efecaf09e3f6d88e65d77a5a744166bff7c5aa6"},"/home/carlos/Software/node/22-02-2020/mysql-auth/src/methods/findUnconfirmedUser.js":{"path":"/home/carlos/Software/node/22-02-2020/mysql-auth/src/methods/findUnconfirmedUser.js","statementMap":{"0":{"start":{"line":8,"column":0},"end":{"line":25,"column":2}},"1":{"start":{"line":10,"column":1},"end":{"line":12,"column":3}},"2":{"start":{"line":11,"column":2},"end":{"line":11,"column":57}},"3":{"start":{"line":14,"column":1},"end":{"line":16,"column":3}},"4":{"start":{"line":15,"column":2},"end":{"line":15,"column":51}},"5":{"start":{"line":18,"column":1},"end":{"line":23,"column":3}},"6":{"start":{"line":19,"column":2},"end":{"line":21,"column":3}},"7":{"start":{"line":20,"column":3},"end":{"line":20,"column":48}},"8":{"start":{"line":22,"column":2},"end":{"line":22,"column":19}}},"fnMap":{"0":{"name":"(anonymous_0)","decl":{"start":{"line":8,"column":17},"end":{"line":8,"column":18}},"loc":{"start":{"line":8,"column":28},"end":{"line":25,"column":1}},"line":8},"1":{"name":"(anonymous_1)","decl":{"start":{"line":10,"column":39},"end":{"line":10,"column":40}},"loc":{"start":{"line":10,"column":59},"end":{"line":12,"column":2}},"line":10},"2":{"name":"(anonymous_2)","decl":{"start":{"line":14,"column":28},"end":{"line":14,"column":29}},"loc":{"start":{"line":14,"column":41},"end":{"line":16,"column":2}},"line":14},"3":{"name":"(anonymous_3)","decl":{"start":{"line":18,"column":40},"end":{"line":18,"column":41}},"loc":{"start":{"line":18,"column":80},"end":{"line":23,"column":2}},"line":18}},"branchMap":{"0":{"loc":{"start":{"line":19,"column":2},"end":{"line":21,"column":3}},"type":"if","locations":[{"start":{"line":19,"column":2},"end":{"line":21,"column":3}},{"start":{"line":19,"column":2},"end":{"line":21,"column":3}}],"line":19}},"s":{"0":1,"1":1,"2":0,"3":1,"4":0,"5":1,"6":0,"7":0,"8":0},"f":{"0":1,"1":0,"2":0,"3":0},"b":{"0":[0,0]},"_coverageSchema":"1a1c01bbd47fc00a2c39e90264f33305004495a9","hash":"497a1a1e35025cbcd74a9c7b76d915f756c1e2d5","contentHash":"df88f15d58c9187854a25404f8bfa92efc478474d8a51d3fe2eb1d676c53c4f1"},"/home/carlos/Software/node/22-02-2020/mysql-auth/src/methods/findUser.js":{"path":"/home/carlos/Software/node/22-02-2020/mysql-auth/src/methods/findUser.js","statementMap":{"0":{"start":{"line":8,"column":0},"end":{"line":22,"column":2}},"1":{"start":{"line":10,"column":1},"end":{"line":12,"column":3}},"2":{"start":{"line":11,"column":2},"end":{"line":11,"column":57}},"3":{"start":{"line":14,"column":1},"end":{"line":16,"column":3}},"4":{"start":{"line":15,"column":2},"end":{"line":15,"column":40}},"5":{"start":{"line":18,"column":1},"end":{"line":20,"column":3}},"6":{"start":{"line":19,"column":2},"end":{"line":19,"column":16}}},"fnMap":{"0":{"name":"(anonymous_0)","decl":{"start":{"line":8,"column":17},"end":{"line":8,"column":18}},"loc":{"start":{"line":8,"column":28},"end":{"line":22,"column":1}},"line":8},"1":{"name":"(anonymous_1)","decl":{"start":{"line":10,"column":28},"end":{"line":10,"column":29}},"loc":{"start":{"line":10,"column":48},"end":{"line":12,"column":2}},"line":10},"2":{"name":"(anonymous_2)","decl":{"start":{"line":14,"column":17},"end":{"line":14,"column":18}},"loc":{"start":{"line":14,"column":30},"end":{"line":16,"column":2}},"line":14},"3":{"name":"(anonymous_3)","decl":{"start":{"line":18,"column":29},"end":{"line":18,"column":30}},"loc":{"start":{"line":18,"column":69},"end":{"line":20,"column":2}},"line":18}},"branchMap":{},"s":{"0":1,"1":1,"2":4,"3":1,"4":4,"5":1,"6":4},"f":{"0":1,"1":4,"2":4,"3":4},"b":{},"_coverageSchema":"1a1c01bbd47fc00a2c39e90264f33305004495a9","hash":"f2a12efc4f6decb00b8251dae63fd298b80233d8","contentHash":"286343814765f52fc497ce2d3d8fadc7c99eb01db1fada1707964e560985ab7c"},"/home/carlos/Software/node/22-02-2020/mysql-auth/src/methods/login.js":{"path":"/home/carlos/Software/node/22-02-2020/mysql-auth/src/methods/login.js","statementMap":{"0":{"start":{"line":8,"column":15},"end":{"line":8,"column":32}},"1":{"start":{"line":9,"column":14},"end":{"line":9,"column":49}},"2":{"start":{"line":11,"column":0},"end":{"line":58,"column":2}},"3":{"start":{"line":13,"column":1},"end":{"line":15,"column":3}},"4":{"start":{"line":14,"column":2},"end":{"line":14,"column":57}},"5":{"start":{"line":17,"column":1},"end":{"line":52,"column":3}},"6":{"start":{"line":18,"column":2},"end":{"line":51,"column":3}},"7":{"start":{"line":19,"column":25},"end":{"line":19,"column":52}},"8":{"start":{"line":20,"column":3},"end":{"line":20,"column":33}},"9":{"start":{"line":23,"column":7},"end":{"line":23,"column":41}},"10
[...]
":18}},"loc":{"start":{"line":8,"column":28},"end":{"line":22,"column":1}},"line":8},"1":{"name":"(anonymous_1)","decl":{"start":{"line":10,"column":48},"end":{"line":10,"column":49}},"loc":{"start":{"line":10,"column":68},"end":{"line":12,"column":2}},"line":10},"2":{"name":"(anonymous_2)","decl":{"start":{"line":14,"column":37},"end":{"line":14,"column":38}},"loc":{"start":{"line":14,"column":50},"end":{"line":16,"column":2}},"line":14},"3":{"name":"(anonymous_3)","decl":{"start":{"line":18,"column":49},"end":{"line":18,"column":50}},"loc":{"start":{"line":18,"column":89},"end":{"line":20,"column":2}},"line":18}},"branchMap":{},"s":{"0":1,"1":1,"2":1,"3":1,"4":1,"5":1,"6":1},"f":{"0":1,"1":1,"2":1,"3":1},"b":{},"_coverageSchema":"1a1c01bbd47fc00a2c39e90264f33305004495a9","hash":"eb12b4cfb0cd67927c9f0335ed70df955f5322ee","contentHash":"b92d1c5a9f2da3905e5f27a265b18d05c7136202937cdd3ae98459b1e4bbe33f"},"/home/carlos/Software/node/22-02-2020/mysql-auth/src/methods/revokePrivilegeFromUser.js":{"path":"/home/carlos/Software/node/22-02-2020/mysql-auth/src/methods/revokePrivilegeFromUser.js","statementMap":{"0":{"start":{"line":8,"column":0},"end":{"line":22,"column":2}},"1":{"start":{"line":10,"column":1},"end":{"line":12,"column":3}},"2":{"start":{"line":11,"column":2},"end":{"line":11,"column":57}},"3":{"start":{"line":14,"column":1},"end":{"line":16,"column":3}},"4":{"start":{"line":15,"column":2},"end":{"line":15,"column":55}},"5":{"start":{"line":18,"column":1},"end":{"line":20,"column":3}},"6":{"start":{"line":19,"column":2},"end":{"line":19,"column":16}}},"fnMap":{"0":{"name":"(anonymous_0)","decl":{"start":{"line":8,"column":17},"end":{"line":8,"column":18}},"loc":{"start":{"line":8,"column":28},"end":{"line":22,"column":1}},"line":8},"1":{"name":"(anonymous_1)","decl":{"start":{"line":10,"column":43},"end":{"line":10,"column":44}},"loc":{"start":{"line":10,"column":63},"end":{"line":12,"column":2}},"line":10},"2":{"name":"(anonymous_2)","decl":{"start":{"line":14,"column":32},"end":{"line":14,"column":33}},"loc":{"start":{"line":14,"column":45},"end":{"line":16,"column":2}},"line":14},"3":{"name":"(anonymous_3)","decl":{"start":{"line":18,"column":44},"end":{"line":18,"column":45}},"loc":{"start":{"line":18,"column":84},"end":{"line":20,"column":2}},"line":18}},"branchMap":{},"s":{"0":1,"1":1,"2":3,"3":1,"4":3,"5":1,"6":3},"f":{"0":1,"1":3,"2":3,"3":3},"b":{},"_coverageSchema":"1a1c01bbd47fc00a2c39e90264f33305004495a9","hash":"f6af5b638be7aef1d59ec122f637d1fa05d56b30","contentHash":"81af2952815bc22d565727412b453600b65be757d6d2d986360b4662dc7e179e"},"/home/carlos/Software/node/22-02-2020/mysql-auth/src/methods/revokeUserFromCommunity.js":{"path":"/home/carlos/Software/node/22-02-2020/mysql-auth/src/methods/revokeUserFromCommunity.js","statementMap":{"0":{"start":{"line":8,"column":0},"end":{"line":22,"column":2}},"1":{"start":{"line":10,"column":1},"end":{"line":12,"column":3}},"2":{"start":{"line":11,"column":2},"end":{"line":11,"column":57}},"3":{"start":{"line":14,"column":1},"end":{"line":16,"column":3}},"4":{"start":{"line":15,"column":2},"end":{"line":15,"column":55}},"5":{"start":{"line":18,"column":1},"end":{"line":20,"column":3}},"6":{"start":{"line":19,"column":2},"end":{"line":19,"column":16}}},"fnMap":{"0":{"name":"(anonymous_0)","decl":{"start":{"line":8,"column":17},"end":{"line":8,"column":18}},"loc":{"start":{"line":8,"column":28},"end":{"line":22,"column":1}},"line":8},"1":{"name":"(anonymous_1)","decl":{"start":{"line":10,"column":43},"end":{"line":10,"column":44}},"loc":{"start":{"line":10,"column":63},"end":{"line":12,"column":2}},"line":10},"2":{"name":"(anonymous_2)","decl":{"start":{"line":14,"column":32},"end":{"line":14,"column":33}},"loc":{"start":{"line":14,"column":45},"end":{"line":16,"column":2}},"line":14},"3":{"name":"(anonymous_3)","decl":{"start":{"line":18,"column":44},"end":{"line":18,"column":45}},"loc":{"start":{"line":18,"column":84},"end":{"line":20,"column":2}},"line":18}},"branchMap":{},"s":{"0":1,"1":1,"2":1,"3":1,"4":1,"5":1,"6":1},"f":{"0":1,"1":1,"2":1,"3":1},"b":{},"_coverageSchema":"1a1c01bbd47fc00a2c39e90264f33305004495a9","hash":"745ba18e93c16ada4474ab96b76b63c53a382cc7","contentHash":"62bd689b7cb290946772fde74f01ae072be725c195e89779406dbc565f23fba2"},"/home/carlos/Software/node/22-02-2020/mysql-auth/src/methods/unregisterCommunity.js":{"path":"/home/carlos/Software/node/22-02-2020/mysql-auth/src/methods/unregisterCommunity.js","statementMap":{"0":{"start":{"line":8,"column":0},"end":{"line":49,"column":2}},"1":{"start":{"line":10,"column":1},"end":{"line":12,"column":3}},"2":{"start":{"line":11,"column":2},"end":{"line":11,"column":57}},"3":{"start":{"line":14,"column":1},"end":{"line":43,"column":3}},"4":{"start":{"line":15,"column":2},"end":{"line":42,"column":3}},"5":{"start":{"line":16,"column":12},"end":{"line":16,"column":21}},"6":{"start":{"line":17,"column":3},"end":{"line":27,"column":4}},"7":{"start":{"line":20,"column":8},"end":{"line":20,"column":50}},"8":{"start":{"line":21,"column":4},"end":{"line":23,"column":5}},"9":{"start":{"line":22,"column":5},"end":{"line":22,"column":74}},"10":{"start":{"line":24,"column":4},"end":{"line":24,"column":23}},"11":{"start":{"line":26,"column":4},"end":{"line":26,"column":29}},"12":{"start":{"line":28,"column":3},"end":{"line":30,"column":4}},"13":{"start":{"line":29,"column":4},"end":{"line":29,"column":70}},"14":{"start":{"line":31,"column":16},"end":{"line":31,"column":18}},"15":{"start":{"line":32,"column":3},"end":{"line":34,"column":8}},"16":{"start":{"line":35,"column":3},"end":{"line":37,"column":8}},"17":{"start":{"line":38,"column":3},"end":{"line":38,"column":17}},"18":{"start":{"line":40,"column":3},"end":{"line":40,"column":61}},"19":{"start":{"line":41,"column":3},"end":{"line":41,"column":15}},"20":{"start":{"line":45,"column":1},"end":{"line":47,"column":3}},"21":{"start":{"line":46,"column":2},"end":{"line":46,"column":16}}},"fnMap":{"0":{"name":"(anonymous_0)","decl":{"start":{"line":8,"column":17},"end":{"line":8,"column":18}},"loc":{"start":{"line":8,"column":28},"end":{"line":49,"column":1}},"line":8},"1":{"name":"(anonymous_1)","decl":{"start":{"line":10,"column":39},"end":{"line":10,"column":40}},"loc":{"start":{"line":10,"column":59},"end":{"line":12,"column":2}},"line":10},"2":{"name":"(anonymous_2)","decl":{"start":{"line":14,"column":28},"end":{"line":14,"column":29}},"loc":{"start":{"line":14,"column":56},"end":{"line":43,"column":2}},"line":14},"3":{"name":"(anonymous_3)","decl":{"start":{"line":45,"column":40},"end":{"line":45,"column":41}},"loc":{"start":{"line":45,"column":80},"end":{"line":47,"column":2}},"line":45}},"branchMap":{"0":{"loc":{"start":{"line":17,"column":3},"end":{"line":27,"column":4}},"type":"if","locations":[{"start":{"line":17,"column":3},"end":{"line":27,"column":4}},{"start":{"line":17,"column":3},"end":{"line":27,"column":4}}],"line":17},"1":{"loc":{"start":{"line":21,"column":4},"end":{"line":23,"column":5}},"type":"if","locations":[{"start":{"line":21,"column":4},"end":{"line":23,"column":5}},{"start":{"line":21,"column":4},"end":{"line":23,"column":5}}],"line":21},"2":{"loc":{"start":{"line":28,"column":3},"end":{"line":30,"column":4}},"type":"if","locations":[{"start":{"line":28,"column":3},"end":{"line":30,"column":4}},{"start":{"line":28,"column":3},"end":{"line":30,"column":4}}],"line":28}},"s":{"0":1,"1":1,"2":1,"3":1,"4":1,"5":1,"6":1,"7":0,"8":0,"9":0,"10":0,"11":1,"12":1,"13":0,"14":1,"15":1,"16":1,"17":1,"18":0,"19":0,"20":1,"21":1},"f":{"0":1,"1":1,"2":1,"3":1},"b":{"0":[0,1],"1":[0,0],"2":[0,1]},"_coverageSchema":"1a1c01bbd47fc00a2c39e90264f33305004495a9","hash":"2a1b4c3a960b6913f9342529ffe15b2cb2004a2f","contentHash":"5001712af29c199039b512221550668abf8af8dfce458b5e4b32fc3965af062f"},"/home/carlos/Software/node/22-02-2020/mysql-auth/src/methods/unregisterPrivilege.js":{"path":"/home/carlos/Software/node/22-02-2020/mysql-auth/src/methods/unregisterPrivilege.js","statementMap":{"0":{"start":{"line":8,"column":0},"end":{"line":50,"column":2}},"1":{"start":{"line":10,"column":1},"end":{"line":12,"column":3}},"2":{"start":{"line":11,"column":2},"end":{"line":11,"column":57}},"3":{"start":{"line":14,"column":1},"end":{"line":44,"column":3}},"4":{"start":{"line":15,"column":2},"end":{"line":43,"column":3}},"5":{"start":{"line":16,"column":12},"end":{"line":16,"column":21}},"6":{"start":{"line":17,"column":3},"end":{"line":28,"column":4}},"7":{"start":{"line":18,"column":27},"end":{"line":18,"column":69}},"8":{"start":{"line":21,"column":8},"end":{"line":21,"column":22}},"9":{"start":{"line":22,"column":4},"end":{"line":24,"column":5}},"10":{"start":{"line":23,"column":5},"end":{"line":23,"column":74}},"11":{"start":{"line":25,"column":4},"end":{"line":25,"column":23}},"12":{"start":{"line":27,"column":4},"end":{"line":27,"column":29}},"13":{"start":{"line":29,"column":3},"end":{"line":31,"column":4}},"14":{"start":{"line":30,"column":4},"end":{"line":30,"column":70}},"15":{"start":{"line":32,"column":16},"end":{"line":32,"column":18}},"16":{"start":{"line":33,"column":3},"end":{"line":35,"column":8}},"17":{"start":{"line":36,"column":3},"end":{"line":38,"column":8}},"18":{"start":{"line":39,"column":3},"end":{"line":39,"column":17}},"19":{"start":{"line":41,"column":3},"end":{"line":41,"column":61}},"20":{"start":{"line":42,"column":3},"end":{"line":42,"column":15}},"21":{"start":{"line":46,"column":1},"end":{"line":48,"column":3}},"22":{"start":{"line":47,"column":2},"end":{"line":47,"column":16}}},"fnMap":{"0":{"name":"(anonymous_0)","decl":{"start":{"line":8,"column":17},"end":{"line":8,"column":18}},"loc":{"start":{"line":8,"column":28},"end":{"line":50,"column":1}},"line":8},"1":{"name":"(anonymous_1)","decl":{"start":{"line":10,"column":39},"end":{"line":10,"column":40}},"loc":{"start":{"line":10,"column":59},"end":{"line":12,"column":2}},"line":10},"2":{"name":"(anonymous_2)","decl":{"start":{"line":14,"column":28},"end":{"line":14,"column":29}},"loc":{"start":{"line":14,"column":56},"end":{"line":44,"column":2}},"line":14},"3":{"name":"(anonymous_3)","decl":{"start":{"line":46,"column":40},"end":{"line":46,"column":41}},"loc":{"start":{"line":46,"column":80},"end":{"line":48,"column":2}},"line":46}},"branchMap":{"0":{"loc":{"start":{"line":17,"column":3},"end":{"line":28,"column":4}},"type":"if","locations":[{"start":{"line":17,"column":3},"end":{"line":28,"column":4}},{"start":{"line":17,"column":3},"end":{"line":28,"column":4}}],"line":17},"1":{"loc":{"start":{"line":22,"column":4},"end":{"line":24,"column":5}},"type":"if","locations":[{"start":{"line":22,"column":4},"end":{"line":24,"column":5}},{"start":{"line":22,"column":4},"end":{"line":24,"column":5}}],"line":22},"2":{"loc":{"start":{"line":29,"column":3},"end":{"line":31,"column":4}},"type":"if","locations":[{"start":{"line":29,"column":3},"end":{"line":31,"column":4}},{"start":{"line":29,"column":3},"end":{"line":31,"column":4}}],"line":29}},"s":{"0":1,"1":1,"2":1,"3":1,"4":1,"5":1,"6":1,"7":0,"8":0,"9":0,"10":0,"11":0,"12":1,"13":1,"14":0,"15":1,"16":1,"17":1,"18":1,"19":0,"20":0,"21":1,"22":1},"f":{"0":1,"1":1,"2":1,"3":1},"b":{"0":[0,1],"1":[0,0],"2":[0,1]},"_coverageSchema":"1a1c01bbd47fc00a2c39e90264f33305004495a9","hash":"b2b67002741aedb741fcc9368c609c0a9497b2c0","contentHash":"2cfe1afe9b820639ac3d910b892a8787675cd15754cd810a904db0f7be009c33"},"/home/carlos/Software/node/22-02-2020/mysql-auth/src/methods/unregisterUser.js":{"path":"/home/carlos/Software/node/22-02-2020/mysql-auth/src/methods/unregisterUser.js","statementMap":{"0":{"start":{"line":8,"column":0},"end":{"line":44,"column":2}},"1":{"start":{"line":10,"column":1},"end":{"line":12,"column":3}},"2":{"start":{"line":11,"column":2},"end":{"line":11,"column":57}},"3":{"start":{"line":14,"column":1},"end":{"line":38,"column":3}},"4":{"start":{"line":15,"column":2},"end":{"line":37,"column":3}},"5":{"start":{"line":16,"column":12},"end":{"line":16,"column":21}},"6":{"start":{"line":17,"column":3},"end":{"line":25,"column":4}},"7":{"start":{"line":18,"column":30},"end":{"line":18,"column":62}},"8":{"start":{"line":19,"column":4},"end":{"line":21,"column":5}},"9":{"start":{"line":20,"column":5},"end":{"line":20,"column":69}},"10":{"start":{"line":22,"column":4},"end":{"line":22,"column":23}},"11":{"start":{"line":24,"column":4},"end":{"line":24,"column":24}},"12":{"start":{"line":26,"column":3},"end":{"line":28,"column":4}},"13":{"start":{"line":27,"column":4},"end":{"line":27,"column":70}},"14":{"start":{"line":29,"column":16},"end":{"line":29,"column":18}},"15":{"start":{"line":30,"column":24},"end":{"line":30,"column":55}},"16":{"start":{"line":31,"column":28},"end":{"line":31,"column":74}},"17":{"start":{"line":32,"column":24},"end":{"line":32,"column":53}},"18":{"start":{"line":33,"column":3},"end":{"line":33,"column":58}},"19":{"start":{"line":35,"column":3},"end":{"line":35,"column":56}},"20":{"start":{"line":36,"column":3},"end":{"line":36,"column":15}},"21":{"start":{"line":40,"column":1},"end":{"line":42,"column":3}},"22":{"start":{"line":41,"column":2},"end":{"line":41,"column":16}}},"fnMap":{"0":{"name":"(anonymous_0)","decl":{"start":{"line":8,"column":17},"end":{"line":8,"column":18}},"loc":{"start":{"line":8,"column":28},"end":{"line":44,"column":1}},"line":8},"1":{"name":"(anonymous_1)","decl":{"start":{"line":10,"column":34},"end":{"line":10,"column":35}},"loc":{"start":{"line":10,"column":54},"end":{"line":12,"column":2}},"line":10},"2":{"name":"(anonymous_2)","decl":{"start":{"line":14,"column":23},"end":{"line":14,"column":24}},"loc":{"start":{"line":14,"column":46},"end":{"line":38,"column":2}},"line":14},"3":{"name":"(anonymous_3)","decl":{"start":{"line":40,"column":35},"end":{"line":40,"column":36}},"loc":{"start":{"line":40,"column":75},"end":{"line":42,"column":2}},"line":40}},"branchMap":{"0":{"loc":{"start":{"line":17,"column":3},"end":{"line":25,"column":4}},"type":"if","locations":[{"start":{"line":17,"column":3},"end":{"line":25,"column":4}},{"start":{"line":17,"column":3},"end":{"line":25,"column":4}}],"line":17},"1":{"loc":{"start":{"line":19,"column":4},"end":{"line":21,"column":5}},"type":"if","locations":[{"start":{"line":19,"column":4},"end":{"line":21,"column":5}},{"start":{"line":19,"column":4},"end":{"line":21,"column":5}}],"line":19},"2":{"loc":{"start":{"line":26,"column":3},"end":{"line":28,"column":4}},"type":"if","locations":[{"start":{"line":26,"column":3},"end":{"line":28,"column":4}},{"start":{"line":26,"column":3},"end":{"line":28,"column":4}}],"line":26}},"s":{"0":1,"1":1,"2":1,"3":1,"4":1,"5":1,"6":1,"7":0,"8":0,"9":0,"10":0,"11":1,"12":1,"13":0,"14":1,"15":1,"16":1,"17":1,"18":1,"19":0,"20":0,"21":1,"22":1},"f":{"0":1,"1":1,"2":1,"3":1},"b":{"0":[0,1],"1":[0,0],"2":[0,1]},"_coverageSchema":"1a1c01bbd47fc00a2c39e90264f33305004495a9","hash":"f610243dd11a66820e11168725f3d5c868cdbeb9","contentHash":"d8f7ed9a2715d15861f557bb60fcda9131d294e2192f2e7fb2252d93e027036c"},"/home/carlos/Software/node/22-02-2020/mysql-auth/src/methods/updateCommunity.js":{"path":"/home/carlos/Software/node/22-02-2020/mysql-auth/src/methods/updateCommunity.js","statementMap":{"0":{"start":{"line":8,"column":0},"end":{"line":22,"column":2}},"1":{"start":{"line":10,"column":1},"end":{"line":12,"column":3}},"2":{"start":{"line":11,"column":2},"end":{"line":11,"column":57}},"3":{"start":{"line":14,"column":1},"end":{"line":16,"column":3}},"4":{"start":{"line":15,"column":2},"end":{"line":15,"column":47}},"5":{"start":{"line":18,"column":1},"end":{"line":20,"column":3}},"6":{"start":{"line":19,"column":2},"end":{"line":19,"column":16}}},"fnMap":{"0":{"name":"(anonymous_0)","decl":{"start":{"line":8,"column":17},"end":{"line":8,"column":18}},"loc":{"start":{"line":8,"column":28},"end":{"line":22,"column":1}},"line":8},"1":{"name":"(anonymous_1)","decl":{"start":{"line":10,"column":35},"end":{"line":10,"column":36}},"loc":{"start":{"line":10,"column":55},"end":{"line":12,"column":2}},"line":10},"2":{"name":"(anonymous_2)","decl":{"start":{"line":14,"column":24},"end":{"line":14,"column":25}},"loc":{"start":{"line":14,"column":37},"end":{"line":16,"column":2}},"line":14},"3":{"name":"(anonymous_3)","decl":{"start":{"line":18,"column":36},"end":{"line":18,"column":37}},"loc":{"start":{"line":18,"column":76},"end":{"line":20,"column":2}},"line":18}},"branchMap":{},"s":{"0":1,"1":1,"2":10,"3":1,"4":10,"5":1,"6":10},"f":{"0":1,"1":10,"2":10,"3":10},"b":{},"_coverageSchema":"1a1c01bbd47fc00a2c39e90264f33305004495a9","hash":"2f86075d4febffc40c9d58595623d1791da3df74","contentHash":"fd3c3f83c6e4c4e29b90581c8c1fa7c864f47c6c9ff4415dc4a7f8c7f1095ec4"},"/home/carlos/Software/node/22-02-2020/mysql-auth/src/methods/updatePrivilege.js":{"path":"/home/carlos/Software/node/22-02-2020/mysql-auth/src/methods/updatePrivilege.js","statementMap":{"0":{"start":{"line":8,"column":0},"end":{"line":22,"column":2}},"1":{"start":{"line":10,"column":1},"end":{"line":12,"column":3}},"2":{"start":{"line":11,"column":2},"end":{"line":11,"column":57}},"3":{"start":{"line":14,"column":1},"end":{"line":16,"column":3}},"4":{"start":{"line":15,"column":2},"end":{"line":15,"column":47}},"5":{"start":{"line":18,"column":1},"end":{"line":20,"column":3}},"6":{"start":{"line":19,"column":2},"end":{"line":19,"column":16}}},"fnMap":{"0":{"name":"(anonymous_0)","decl":{"start":{"line":8,"column":17},"end":{"line":8,"column":18}},"loc":{"start":{"line":8,"column":28},"end":{"line":22,"column":1}},"line":8},"1":{"name":"(anonymous_1)","decl":{"start":{"line":10,"column":35},"end":{"line":10,"column":36}},"loc":{"start":{"line":10,"column":55},"end":{"line":12,"column":2}},"line":10},"2":{"name":"(anonymous_2)","decl":{"start":{"line":14,"column":24},"end":{"line":14,"column":25}},"loc":{"start":{"line":14,"column":37},"end":{"line":16,"column":2}},"line":14},"3":{"name":"(anonymous_3)","decl":{"start":{"line":18,"column":36},"end":{"line":18,"column":37}},"loc":{"start":{"line":18,"column":76},"end":{"line":20,"column":2}},"line":18}},"branchMap":{},"s":{"0":1,"1":1,"2":10,"3":1,"4":10,"5":1,"6":10},"f":{"0":1,"1":10,"2":10,"3":10},"b":{},"_coverageSchema":"1a1c01bbd47fc00a2c39e90264f33305004495a9","hash":"29adc090e96e5b2f23cf0b835e65dcaa3c5f3de7","contentHash":"6cb8db2d84bfcbd38d34499b1c6cc42b533c932ecfa9ec1a26f1d98cdf1496dc"},"/home/carlos/Software/node/22-02-2020/mysql-auth/src/methods/updateUser.js":{"path":"/home/carlos/Software/node/22-02-2020/mysql-auth/src/methods/updateUser.js","statementMap":{"0":{"start":{"line":8,"column":0},"end":{"line":22,"column":2}},"1":{"start":{"line":10,"column":1},"end":{"line":12,"column":3}},"2":{"start":{"line":11,"column":2},"end":{"line":11,"column":57}},"3":{"start":{"line":14,"column":1},"end":{"line":16,"column":3}},"4":{"start":{"line":15,"column":2},"end":{"line":15,"column":42}},"5":{"start":{"line":18,"column":1},"end":{"line":20,"column":3}},"6":{"start":{"line":19,"column":2},"end":{"line":19,"column":16}}},"fnMap":{"0":{"name":"(anonymous_0)","decl":{"start":{"line":8,"column":17},"end":{"line":8,"column":18}},"loc":{"start":{"line":8,"column":28},"end":{"line":22,"column":1}},"line":8},"1":{"name":"(anonymous_1)","decl":{"start":{"line":10,"column":30},"end":{"line":10,"column":31}},"loc":{"start":{"line":10,"column":50},"end":{"line":12,"column":2}},"line":10},"2":{"name":"(anonymous_2)","decl":{"start":{"line":14,"column":19},"end":{"line":14,"column":20}},"loc":{"start":{"line":14,"column":32},"end":{"line":16,"column":2}},"line":14},"3":{"name":"(anonymous_3)","decl":{"start":{"line":18,"column":31},"end":{"line":18,"column":32}},"loc":{"start":{"line":18,"column":71},"end":{"line":20,"column":2}},"line":18}},"branchMap":{},"s":{"0":1,"1":1,"2":1,"3":1,"4":1,"5":1,"6":1},"f":{"0":1,"1":1,"2":1,"3":1},"b":{},"_coverageSchema":"1a1c01bbd47fc00a2c39e90264f33305004495a9","hash":"d1c7295cf499c2ecc59b6383b3fdf831ed22cae6","contentHash":"68d7545aa458fe291989ac1a7e84cd6e9892585186ad6a948add1b069c31f163"}}